[2.493s] running egg_info
[2.494s] writing /home/craig/rosactavl_ws/build/action_availabilities/action_availabilities.egg-info/PKG-INFO
[2.494s] writing dependency_links to /home/craig/rosactavl_ws/build/action_availabilities/action_availabilities.egg-info/dependency_links.txt
[2.495s] writing entry points to /home/craig/rosactavl_ws/build/action_availabilities/action_availabilities.egg-info/entry_points.txt
[2.495s] writing requirements to /home/craig/rosactavl_ws/build/action_availabilities/action_availabilities.egg-info/requires.txt
[2.495s] writing top-level names to /home/craig/rosactavl_ws/build/action_availabilities/action_availabilities.egg-info/top_level.txt
[2.556s] reading manifest file '/home/craig/rosactavl_ws/build/action_availabilities/action_availabilities.egg-info/SOURCES.txt'
[2.557s] writing manifest file '/home/craig/rosactavl_ws/build/action_availabilities/action_availabilities.egg-info/SOURCES.txt'
[2.557s] running build
[2.558s] running build_py
[2.558s] copying action_availabilities/hello_action_node.py -> /home/craig/rosactavl_ws/build/action_availabilities/build/lib/action_availabilities
[2.558s] running install
[2.561s] running install_lib
[2.563s] copying /home/craig/rosactavl_ws/build/action_availabilities/build/lib/action_availabilities/hello_action_node.py -> /home/craig/rosactavl_ws/install/action_availabilities/lib/python3.8/site-packages/action_availabilities
[2.566s] byte-compiling /home/craig/rosactavl_ws/install/action_availabilities/lib/python3.8/site-packages/action_availabilities/hello_action_node.py to hello_action_node.cpython-38.pyc
[2.568s] running install_data
[2.569s] running install_egg_info
[2.573s] removing '/home/craig/rosactavl_ws/install/action_availabilities/lib/python3.8/site-packages/action_availabilities-0.0.0-py3.8.egg-info' (and everything under it)
[2.574s] Copying /home/craig/rosactavl_ws/build/action_availabilities/action_availabilities.egg-info to /home/craig/rosactavl_ws/install/action_availabilities/lib/python3.8/site-packages/action_availabilities-0.0.0-py3.8.egg-info
[2.575s] running install_scripts
[2.614s] Installing cli_tool script to /home/craig/rosactavl_ws/install/action_availabilities/lib/action_availabilities
[2.614s] Installing hello_action_node script to /home/craig/rosactavl_ws/install/action_availabilities/lib/action_availabilities
[2.615s] writing list of installed files to '/home/craig/rosactavl_ws/build/action_availabilities/install.log'
