[1.069s] Invoking command in '/home/craig/rosactavl_ws/build/action_availabilities_msgs': CMAKE_PREFIX_PATH=${CMAKE_PREFIX_PATH}:/home/craig/rosactavl_ws/install/action_availabilities:/home/craig/ros2_foxy/install/ros2bag:/home/craig/ros2_foxy/install/tracetools_launch:/home/craig/ros2_foxy/install/topic_monitor:/home/craig/ros2_foxy/install/examples_tf2_py:/home/craig/ros2_foxy/install/sros2:/home/craig/ros2_foxy/install/rqt_topic:/home/craig/ros2_foxy/install/rqt_reconfigure:/home/craig/ros2_foxy/install/rqt_action:/home/craig/ros2_foxy/install/rqt:/home/craig/ros2_foxy/install/rqt_graph:/home/craig/ros2_foxy/install/rqt_gui_py:/home/craig/ros2_foxy/install/rqt_gui:/home/craig/ros2_foxy/install/ros2trace:/home/craig/ros2_foxy/install/ros2topic:/home/craig/ros2_foxy/install/ros2test:/home/craig/ros2_foxy/install/ros2component:/home/craig/ros2_foxy/install/ros2param:/home/craig/ros2_foxy/install/ros2lifecycle:/home/craig/ros2_foxy/install/ros2service:/home/craig/ros2_foxy/install/ros2run:/home/craig/ros2_foxy/install/ros2launch:/home/craig/ros2_foxy/install/ros2pkg:/home/craig/ros2_foxy/install/ros2node:/home/craig/ros2_foxy/install/ros2multicast:/home/craig/ros2_foxy/install/ros2interface:/home/craig/ros2_foxy/install/ros2doctor:/home/craig/ros2_foxy/install/ros2action:/home/craig/ros2_foxy/install/ros2cli:/home/craig/ros2_foxy/install/quality_of_service_demo_py:/home/craig/ros2_foxy/install/launch_testing_ros:/home/craig/ros2_foxy/install/launch_ros:/home/craig/ros2_foxy/install/examples_rclpy_minimal_subscriber:/home/craig/ros2_foxy/install/examples_rclpy_minimal_service:/home/craig/ros2_foxy/install/examples_rclpy_minimal_publisher:/home/craig/ros2_foxy/install/examples_rclpy_minimal_client:/home/craig/ros2_foxy/install/examples_rclpy_minimal_action_server:/home/craig/ros2_foxy/install/examples_rclpy_minimal_action_client:/home/craig/ros2_foxy/install/examples_rclpy_executors:/home/craig/ros2_foxy/install/demo_nodes_py:/home/craig/ros2_foxy/install/action_tutorials_py:/home/craig/ros2_foxy/install/ament_uncrustify:/home/craig/ros2_foxy/install/tracetools_trace:/home/craig/ros2_foxy/install/tracetools_read:/home/craig/ros2_foxy/install/test_launch_ros:/home/craig/ros2_foxy/install/rpyutils:/home/craig/ros2_foxy/install/rosidl_runtime_py:/home/craig/ros2_foxy/install/launch_yaml:/home/craig/ros2_foxy/install/launch_xml:/home/craig/ros2_foxy/install/launch_testing:/home/craig/ros2_foxy/install/launch:/home/craig/ros2_foxy/install/osrf_pycommon:/home/craig/ros2_foxy/install/domain_coordinator:/home/craig/ros2_foxy/install/ament_xmllint:/home/craig/ros2_foxy/install/ament_pyflakes:/home/craig/ros2_foxy/install/ament_pycodestyle:/home/craig/ros2_foxy/install/ament_pep257:/home/craig/ros2_foxy/install/ament_pclint:/home/craig/ros2_foxy/install/ament_package:/home/craig/ros2_foxy/install/ament_mypy:/home/craig/ros2_foxy/install/ament_lint_cmake:/home/craig/ros2_foxy/install/ament_flake8:/home/craig/ros2_foxy/install/ament_copyright:/home/craig/ros2_foxy/install/ament_lint:/home/craig/ros2_foxy/install/ament_index_python:/home/craig/ros2_foxy/install/ament_cpplint:/home/craig/ros2_foxy/install/ament_cppcheck:/home/craig/ros2_foxy/install/ament_clang_tidy:/home/craig/ros2_foxy/install/ament_clang_format /usr/bin/cmake --build /home/craig/rosactavl_ws/build/action_availabilities_msgs -- -j4 -l4
[1.240s] [  2%] Built target action_availabilities_msgs__cpp
[1.288s] [ 12%] Built target action_availabilities_msgs__rosidl_generator_c
[1.341s] [ 23%] Built target action_availabilities_msgs__rosidl_typesupport_introspection_cpp
[1.363s] [ 34%] Built target action_availabilities_msgs__rosidl_typesupport_cpp
[1.397s] [ 44%] Built target action_availabilities_msgs__rosidl_typesupport_fastrtps_cpp
[1.405s] [ 55%] Built target action_availabilities_msgs__rosidl_typesupport_c
[1.453s] [ 65%] Built target action_availabilities_msgs__rosidl_typesupport_introspection_c
[1.479s] [ 76%] Built target action_availabilities_msgs__rosidl_typesupport_fastrtps_c
[1.539s] [ 76%] Built target action_availabilities_msgs
[1.607s] [ 78%] Built target action_availabilities_msgs__py
[1.689s] [ 87%] Built target action_availabilities_msgs__python
[1.788s] [ 91%] Built target action_availabilities_msgs__rosidl_typesupport_introspection_c__pyext
[1.790s] [ 95%] Built target action_availabilities_msgs__rosidl_typesupport_c__pyext
[1.794s] [100%] Built target action_availabilities_msgs__rosidl_typesupport_fastrtps_c__pyext
[1.822s] Invoked command in '/home/craig/rosactavl_ws/build/action_availabilities_msgs' returned '0': CMAKE_PREFIX_PATH=${CMAKE_PREFIX_PATH}:/home/craig/rosactavl_ws/install/action_availabilities:/home/craig/ros2_foxy/install/ros2bag:/home/craig/ros2_foxy/install/tracetools_launch:/home/craig/ros2_foxy/install/topic_monitor:/home/craig/ros2_foxy/install/examples_tf2_py:/home/craig/ros2_foxy/install/sros2:/home/craig/ros2_foxy/install/rqt_topic:/home/craig/ros2_foxy/install/rqt_reconfigure:/home/craig/ros2_foxy/install/rqt_action:/home/craig/ros2_foxy/install/rqt:/home/craig/ros2_foxy/install/rqt_graph:/home/craig/ros2_foxy/install/rqt_gui_py:/home/craig/ros2_foxy/install/rqt_gui:/home/craig/ros2_foxy/install/ros2trace:/home/craig/ros2_foxy/install/ros2topic:/home/craig/ros2_foxy/install/ros2test:/home/craig/ros2_foxy/install/ros2component:/home/craig/ros2_foxy/install/ros2param:/home/craig/ros2_foxy/install/ros2lifecycle:/home/craig/ros2_foxy/install/ros2service:/home/craig/ros2_foxy/install/ros2run:/home/craig/ros2_foxy/install/ros2launch:/home/craig/ros2_foxy/install/ros2pkg:/home/craig/ros2_foxy/install/ros2node:/home/craig/ros2_foxy/install/ros2multicast:/home/craig/ros2_foxy/install/ros2interface:/home/craig/ros2_foxy/install/ros2doctor:/home/craig/ros2_foxy/install/ros2action:/home/craig/ros2_foxy/install/ros2cli:/home/craig/ros2_foxy/install/quality_of_service_demo_py:/home/craig/ros2_foxy/install/launch_testing_ros:/home/craig/ros2_foxy/install/launch_ros:/home/craig/ros2_foxy/install/examples_rclpy_minimal_subscriber:/home/craig/ros2_foxy/install/examples_rclpy_minimal_service:/home/craig/ros2_foxy/install/examples_rclpy_minimal_publisher:/home/craig/ros2_foxy/install/examples_rclpy_minimal_client:/home/craig/ros2_foxy/install/examples_rclpy_minimal_action_server:/home/craig/ros2_foxy/install/examples_rclpy_minimal_action_client:/home/craig/ros2_foxy/install/examples_rclpy_executors:/home/craig/ros2_foxy/install/demo_nodes_py:/home/craig/ros2_foxy/install/action_tutorials_py:/home/craig/ros2_foxy/install/ament_uncrustify:/home/craig/ros2_foxy/install/tracetools_trace:/home/craig/ros2_foxy/install/tracetools_read:/home/craig/ros2_foxy/install/test_launch_ros:/home/craig/ros2_foxy/install/rpyutils:/home/craig/ros2_foxy/install/rosidl_runtime_py:/home/craig/ros2_foxy/install/launch_yaml:/home/craig/ros2_foxy/install/launch_xml:/home/craig/ros2_foxy/install/launch_testing:/home/craig/ros2_foxy/install/launch:/home/craig/ros2_foxy/install/osrf_pycommon:/home/craig/ros2_foxy/install/domain_coordinator:/home/craig/ros2_foxy/install/ament_xmllint:/home/craig/ros2_foxy/install/ament_pyflakes:/home/craig/ros2_foxy/install/ament_pycodestyle:/home/craig/ros2_foxy/install/ament_pep257:/home/craig/ros2_foxy/install/ament_pclint:/home/craig/ros2_foxy/install/ament_package:/home/craig/ros2_foxy/install/ament_mypy:/home/craig/ros2_foxy/install/ament_lint_cmake:/home/craig/ros2_foxy/install/ament_flake8:/home/craig/ros2_foxy/install/ament_copyright:/home/craig/ros2_foxy/install/ament_lint:/home/craig/ros2_foxy/install/ament_index_python:/home/craig/ros2_foxy/install/ament_cpplint:/home/craig/ros2_foxy/install/ament_cppcheck:/home/craig/ros2_foxy/install/ament_clang_tidy:/home/craig/ros2_foxy/install/ament_clang_format /usr/bin/cmake --build /home/craig/rosactavl_ws/build/action_availabilities_msgs -- -j4 -l4
[2.211s] Invoking command in '/home/craig/rosactavl_ws/build/action_availabilities_msgs': CMAKE_PREFIX_PATH=${CMAKE_PREFIX_PATH}:/home/craig/rosactavl_ws/install/action_availabilities:/home/craig/ros2_foxy/install/ros2bag:/home/craig/ros2_foxy/install/tracetools_launch:/home/craig/ros2_foxy/install/topic_monitor:/home/craig/ros2_foxy/install/examples_tf2_py:/home/craig/ros2_foxy/install/sros2:/home/craig/ros2_foxy/install/rqt_topic:/home/craig/ros2_foxy/install/rqt_reconfigure:/home/craig/ros2_foxy/install/rqt_action:/home/craig/ros2_foxy/install/rqt:/home/craig/ros2_foxy/install/rqt_graph:/home/craig/ros2_foxy/install/rqt_gui_py:/home/craig/ros2_foxy/install/rqt_gui:/home/craig/ros2_foxy/install/ros2trace:/home/craig/ros2_foxy/install/ros2topic:/home/craig/ros2_foxy/install/ros2test:/home/craig/ros2_foxy/install/ros2component:/home/craig/ros2_foxy/install/ros2param:/home/craig/ros2_foxy/install/ros2lifecycle:/home/craig/ros2_foxy/install/ros2service:/home/craig/ros2_foxy/install/ros2run:/home/craig/ros2_foxy/install/ros2launch:/home/craig/ros2_foxy/install/ros2pkg:/home/craig/ros2_foxy/install/ros2node:/home/craig/ros2_foxy/install/ros2multicast:/home/craig/ros2_foxy/install/ros2interface:/home/craig/ros2_foxy/install/ros2doctor:/home/craig/ros2_foxy/install/ros2action:/home/craig/ros2_foxy/install/ros2cli:/home/craig/ros2_foxy/install/quality_of_service_demo_py:/home/craig/ros2_foxy/install/launch_testing_ros:/home/craig/ros2_foxy/install/launch_ros:/home/craig/ros2_foxy/install/examples_rclpy_minimal_subscriber:/home/craig/ros2_foxy/install/examples_rclpy_minimal_service:/home/craig/ros2_foxy/install/examples_rclpy_minimal_publisher:/home/craig/ros2_foxy/install/examples_rclpy_minimal_client:/home/craig/ros2_foxy/install/examples_rclpy_minimal_action_server:/home/craig/ros2_foxy/install/examples_rclpy_minimal_action_client:/home/craig/ros2_foxy/install/examples_rclpy_executors:/home/craig/ros2_foxy/install/demo_nodes_py:/home/craig/ros2_foxy/install/action_tutorials_py:/home/craig/ros2_foxy/install/ament_uncrustify:/home/craig/ros2_foxy/install/tracetools_trace:/home/craig/ros2_foxy/install/tracetools_read:/home/craig/ros2_foxy/install/test_launch_ros:/home/craig/ros2_foxy/install/rpyutils:/home/craig/ros2_foxy/install/rosidl_runtime_py:/home/craig/ros2_foxy/install/launch_yaml:/home/craig/ros2_foxy/install/launch_xml:/home/craig/ros2_foxy/install/launch_testing:/home/craig/ros2_foxy/install/launch:/home/craig/ros2_foxy/install/osrf_pycommon:/home/craig/ros2_foxy/install/domain_coordinator:/home/craig/ros2_foxy/install/ament_xmllint:/home/craig/ros2_foxy/install/ament_pyflakes:/home/craig/ros2_foxy/install/ament_pycodestyle:/home/craig/ros2_foxy/install/ament_pep257:/home/craig/ros2_foxy/install/ament_pclint:/home/craig/ros2_foxy/install/ament_package:/home/craig/ros2_foxy/install/ament_mypy:/home/craig/ros2_foxy/install/ament_lint_cmake:/home/craig/ros2_foxy/install/ament_flake8:/home/craig/ros2_foxy/install/ament_copyright:/home/craig/ros2_foxy/install/ament_lint:/home/craig/ros2_foxy/install/ament_index_python:/home/craig/ros2_foxy/install/ament_cpplint:/home/craig/ros2_foxy/install/ament_cppcheck:/home/craig/ros2_foxy/install/ament_clang_tidy:/home/craig/ros2_foxy/install/ament_clang_format /usr/bin/cmake --install /home/craig/rosactavl_ws/build/action_availabilities_msgs
[2.237s] -- Install configuration: ""
[2.237s] -- Up-to-date: /home/craig/rosactavl_ws/install/action_availabilities_msgs/share/ament_index/resource_index/rosidl_interfaces/action_availabilities_msgs
[2.238s] -- Up-to-date: /home/craig/rosactavl_ws/install/action_availabilities_msgs/include/action_availabilities_msgs
[2.238s] -- Up-to-date: /home/craig/rosactavl_ws/install/action_availabilities_msgs/include/action_availabilities_msgs/msg
[2.238s] -- Up-to-date: /home/craig/rosactavl_ws/install/action_availabilities_msgs/include/action_availabilities_msgs/msg/rosidl_generator_c__visibility_control.h
[2.238s] -- Up-to-date: /home/craig/rosactavl_ws/install/action_availabilities_msgs/include/action_availabilities_msgs/msg/detail
[2.239s] -- Up-to-date: /home/craig/rosactavl_ws/install/action_availabilities_msgs/include/action_availabilities_msgs/msg/detail/availability_condition__functions.h
[2.239s] -- Up-to-date: /home/craig/rosactavl_ws/install/action_availabilities_msgs/include/action_availabilities_msgs/msg/detail/availability_condition__type_support.h
[2.239s] -- Up-to-date: /home/craig/rosactavl_ws/install/action_availabilities_msgs/include/action_availabilities_msgs/msg/detail/availability_condition__functions.c
[2.239s] -- Up-to-date: /home/craig/rosactavl_ws/install/action_availabilities_msgs/include/action_availabilities_msgs/msg/detail/availability_condition__struct.h
[2.240s] -- Up-to-date: /home/craig/rosactavl_ws/install/action_availabilities_msgs/include/action_availabilities_msgs/msg/detail/action_availability__functions.h
[2.240s] -- Up-to-date: /home/craig/rosactavl_ws/install/action_availabilities_msgs/include/action_availabilities_msgs/msg/detail/action_availability__functions.c
[2.240s] -- Up-to-date: /home/craig/rosactavl_ws/install/action_availabilities_msgs/include/action_availabilities_msgs/msg/detail/action_availability__type_support.h
[2.240s] -- Up-to-date: /home/craig/rosactavl_ws/install/action_availabilities_msgs/include/action_availabilities_msgs/msg/detail/action_availability__struct.h
[2.241s] -- Up-to-date: /home/craig/rosactavl_ws/install/action_availabilities_msgs/include/action_availabilities_msgs/msg/availability_condition.h
[2.241s] -- Up-to-date: /home/craig/rosactavl_ws/install/action_availabilities_msgs/include/action_availabilities_msgs/msg/action_availability.h
[2.241s] -- Up-to-date: /home/craig/rosactavl_ws/install/action_availabilities_msgs/include/action_availabilities_msgs/action
[2.241s] -- Up-to-date: /home/craig/rosactavl_ws/install/action_availabilities_msgs/include/action_availabilities_msgs/action/detail
[2.242s] -- Up-to-date: /home/craig/rosactavl_ws/install/action_availabilities_msgs/include/action_availabilities_msgs/action/detail/trigger__functions.c
[2.242s] -- Up-to-date: /home/craig/rosactavl_ws/install/action_availabilities_msgs/include/action_availabilities_msgs/action/detail/trigger__struct.h
[2.242s] -- Up-to-date: /home/craig/rosactavl_ws/install/action_availabilities_msgs/include/action_availabilities_msgs/action/detail/trigger__type_support.h
[2.243s] -- Up-to-date: /home/craig/rosactavl_ws/install/action_availabilities_msgs/include/action_availabilities_msgs/action/detail/trigger__functions.h
[2.243s] -- Up-to-date: /home/craig/rosactavl_ws/install/action_availabilities_msgs/include/action_availabilities_msgs/action/trigger.h
[2.243s] -- Up-to-date: /home/craig/rosactavl_ws/install/action_availabilities_msgs/share/action_availabilities_msgs/environment/library_path.sh
[2.243s] -- Up-to-date: /home/craig/rosactavl_ws/install/action_availabilities_msgs/share/action_availabilities_msgs/environment/library_path.dsv
[2.243s] -- Up-to-date: /home/craig/rosactavl_ws/install/action_availabilities_msgs/lib/libaction_availabilities_msgs__rosidl_generator_c.so
[2.244s] -- Up-to-date: /home/craig/rosactavl_ws/install/action_availabilities_msgs/include/action_availabilities_msgs
[2.244s] -- Up-to-date: /home/craig/rosactavl_ws/install/action_availabilities_msgs/include/action_availabilities_msgs/msg
[2.244s] -- Up-to-date: /home/craig/rosactavl_ws/install/action_availabilities_msgs/include/action_availabilities_msgs/msg/detail
[2.244s] -- Up-to-date: /home/craig/rosactavl_ws/install/action_availabilities_msgs/include/action_availabilities_msgs/msg/detail/action_availability__rosidl_typesupport_introspection_c.h
[2.245s] -- Up-to-date: /home/craig/rosactavl_ws/install/action_availabilities_msgs/include/action_availabilities_msgs/msg/detail/action_availability__type_support.c
[2.245s] -- Up-to-date: /home/craig/rosactavl_ws/install/action_availabilities_msgs/include/action_availabilities_msgs/msg/detail/availability_condition__type_support.c
[2.245s] -- Up-to-date: /home/craig/rosactavl_ws/install/action_availabilities_msgs/include/action_availabilities_msgs/msg/detail/availability_condition__rosidl_typesupport_introspection_c.h
[2.246s] -- Up-to-date: /home/craig/rosactavl_ws/install/action_availabilities_msgs/include/action_availabilities_msgs/msg/rosidl_typesupport_introspection_c__visibility_control.h
[2.246s] -- Up-to-date: /home/craig/rosactavl_ws/install/action_availabilities_msgs/include/action_availabilities_msgs/action
[2.246s] -- Up-to-date: /home/craig/rosactavl_ws/install/action_availabilities_msgs/include/action_availabilities_msgs/action/detail
[2.246s] -- Up-to-date: /home/craig/rosactavl_ws/install/action_availabilities_msgs/include/action_availabilities_msgs/action/detail/trigger__type_support.c
[2.246s] -- Up-to-date: /home/craig/rosactavl_ws/install/action_availabilities_msgs/include/action_availabilities_msgs/action/detail/trigger__rosidl_typesupport_introspection_c.h
[2.247s] -- Up-to-date: /home/craig/rosactavl_ws/install/action_availabilities_msgs/lib/libaction_availabilities_msgs__rosidl_typesupport_introspection_c.so
[2.247s] -- Up-to-date: /home/craig/rosactavl_ws/install/action_availabilities_msgs/include/action_availabilities_msgs
[2.247s] -- Up-to-date: /home/craig/rosactavl_ws/install/action_availabilities_msgs/include/action_availabilities_msgs/msg
[2.247s] -- Up-to-date: /home/craig/rosactavl_ws/install/action_availabilities_msgs/include/action_availabilities_msgs/msg/detail
[2.247s] -- Up-to-date: /home/craig/rosactavl_ws/install/action_availabilities_msgs/include/action_availabilities_msgs/msg/detail/availability_condition__rosidl_typesupport_fastrtps_c.h
[2.248s] -- Up-to-date: /home/craig/rosactavl_ws/install/action_availabilities_msgs/include/action_availabilities_msgs/msg/detail/action_availability__rosidl_typesupport_fastrtps_c.h
[2.248s] -- Up-to-date: /home/craig/rosactavl_ws/install/action_availabilities_msgs/include/action_availabilities_msgs/msg/rosidl_typesupport_fastrtps_c__visibility_control.h
[2.248s] -- Up-to-date: /home/craig/rosactavl_ws/install/action_availabilities_msgs/include/action_availabilities_msgs/action
[2.248s] -- Up-to-date: /home/craig/rosactavl_ws/install/action_availabilities_msgs/include/action_availabilities_msgs/action/detail
[2.248s] -- Up-to-date: /home/craig/rosactavl_ws/install/action_availabilities_msgs/include/action_availabilities_msgs/action/detail/trigger__rosidl_typesupport_fastrtps_c.h
[2.248s] -- Up-to-date: /home/craig/rosactavl_ws/install/action_availabilities_msgs/lib/libaction_availabilities_msgs__rosidl_typesupport_fastrtps_c.so
[2.249s] -- Up-to-date: /home/craig/rosactavl_ws/install/action_availabilities_msgs/include/action_availabilities_msgs
[2.249s] -- Up-to-date: /home/craig/rosactavl_ws/install/action_availabilities_msgs/include/action_availabilities_msgs/msg
[2.249s] -- Up-to-date: /home/craig/rosactavl_ws/install/action_availabilities_msgs/include/action_availabilities_msgs/msg/detail
[2.249s] -- Up-to-date: /home/craig/rosactavl_ws/install/action_availabilities_msgs/include/action_availabilities_msgs/msg/detail/dds_fastrtps
[2.249s] -- Up-to-date: /home/craig/rosactavl_ws/install/action_availabilities_msgs/include/action_availabilities_msgs/msg/detail/action_availability__rosidl_typesupport_fastrtps_cpp.hpp
[2.249s] -- Up-to-date: /home/craig/rosactavl_ws/install/action_availabilities_msgs/include/action_availabilities_msgs/msg/detail/availability_condition__rosidl_typesupport_fastrtps_cpp.hpp
[2.249s] -- Up-to-date: /home/craig/rosactavl_ws/install/action_availabilities_msgs/include/action_availabilities_msgs/msg/rosidl_typesupport_fastrtps_cpp__visibility_control.h
[2.249s] -- Up-to-date: /home/craig/rosactavl_ws/install/action_availabilities_msgs/include/action_availabilities_msgs/action
[2.249s] -- Up-to-date: /home/craig/rosactavl_ws/install/action_availabilities_msgs/include/action_availabilities_msgs/action/detail
[2.250s] -- Up-to-date: /home/craig/rosactavl_ws/install/action_availabilities_msgs/include/action_availabilities_msgs/action/detail/dds_fastrtps
[2.250s] -- Up-to-date: /home/craig/rosactavl_ws/install/action_availabilities_msgs/include/action_availabilities_msgs/action/detail/trigger__rosidl_typesupport_fastrtps_cpp.hpp
[2.250s] -- Up-to-date: /home/craig/rosactavl_ws/install/action_availabilities_msgs/lib/libaction_availabilities_msgs__rosidl_typesupport_fastrtps_cpp.so
[2.250s] -- Up-to-date: /home/craig/rosactavl_ws/install/action_availabilities_msgs/lib/libaction_availabilities_msgs__rosidl_typesupport_c.so
[2.250s] -- Up-to-date: /home/craig/rosactavl_ws/install/action_availabilities_msgs/include/action_availabilities_msgs
[2.250s] -- Up-to-date: /home/craig/rosactavl_ws/install/action_availabilities_msgs/include/action_availabilities_msgs/msg
[2.250s] -- Up-to-date: /home/craig/rosactavl_ws/install/action_availabilities_msgs/include/action_availabilities_msgs/msg/availability_condition.hpp
[2.250s] -- Up-to-date: /home/craig/rosactavl_ws/install/action_availabilities_msgs/include/action_availabilities_msgs/msg/detail
[2.250s] -- Up-to-date: /home/craig/rosactavl_ws/install/action_availabilities_msgs/include/action_availabilities_msgs/msg/detail/action_availability__builder.hpp
[2.250s] -- Up-to-date: /home/craig/rosactavl_ws/install/action_availabilities_msgs/include/action_availabilities_msgs/msg/detail/availability_condition__traits.hpp
[2.251s] -- Up-to-date: /home/craig/rosactavl_ws/install/action_availabilities_msgs/include/action_availabilities_msgs/msg/detail/action_availability__struct.hpp
[2.251s] -- Up-to-date: /home/craig/rosactavl_ws/install/action_availabilities_msgs/include/action_availabilities_msgs/msg/detail/availability_condition__builder.hpp
[2.251s] -- Up-to-date: /home/craig/rosactavl_ws/install/action_availabilities_msgs/include/action_availabilities_msgs/msg/detail/action_availability__traits.hpp
[2.251s] -- Up-to-date: /home/craig/rosactavl_ws/install/action_availabilities_msgs/include/action_availabilities_msgs/msg/detail/availability_condition__struct.hpp
[2.251s] -- Up-to-date: /home/craig/rosactavl_ws/install/action_availabilities_msgs/include/action_availabilities_msgs/msg/action_availability.hpp
[2.251s] -- Up-to-date: /home/craig/rosactavl_ws/install/action_availabilities_msgs/include/action_availabilities_msgs/action
[2.251s] -- Up-to-date: /home/craig/rosactavl_ws/install/action_availabilities_msgs/include/action_availabilities_msgs/action/detail
[2.252s] -- Up-to-date: /home/craig/rosactavl_ws/install/action_availabilities_msgs/include/action_availabilities_msgs/action/detail/trigger__struct.hpp
[2.252s] -- Up-to-date: /home/craig/rosactavl_ws/install/action_availabilities_msgs/include/action_availabilities_msgs/action/detail/trigger__builder.hpp
[2.252s] -- Up-to-date: /home/craig/rosactavl_ws/install/action_availabilities_msgs/include/action_availabilities_msgs/action/detail/trigger__traits.hpp
[2.252s] -- Up-to-date: /home/craig/rosactavl_ws/install/action_availabilities_msgs/include/action_availabilities_msgs/action/trigger.hpp
[2.252s] -- Up-to-date: /home/craig/rosactavl_ws/install/action_availabilities_msgs/include/action_availabilities_msgs
[2.252s] -- Up-to-date: /home/craig/rosactavl_ws/install/action_availabilities_msgs/include/action_availabilities_msgs/msg
[2.252s] -- Up-to-date: /home/craig/rosactavl_ws/install/action_availabilities_msgs/include/action_availabilities_msgs/msg/detail
[2.252s] -- Up-to-date: /home/craig/rosactavl_ws/install/action_availabilities_msgs/include/action_availabilities_msgs/msg/detail/action_availability__type_support.cpp
[2.253s] -- Up-to-date: /home/craig/rosactavl_ws/install/action_availabilities_msgs/include/action_availabilities_msgs/msg/detail/availability_condition__type_support.cpp
[2.253s] -- Up-to-date: /home/craig/rosactavl_ws/install/action_availabilities_msgs/include/action_availabilities_msgs/msg/detail/action_availability__rosidl_typesupport_introspection_cpp.hpp
[2.253s] -- Up-to-date: /home/craig/rosactavl_ws/install/action_availabilities_msgs/include/action_availabilities_msgs/msg/detail/availability_condition__rosidl_typesupport_introspection_cpp.hpp
[2.253s] -- Up-to-date: /home/craig/rosactavl_ws/install/action_availabilities_msgs/include/action_availabilities_msgs/action
[2.253s] -- Up-to-date: /home/craig/rosactavl_ws/install/action_availabilities_msgs/include/action_availabilities_msgs/action/detail
[2.253s] -- Up-to-date: /home/craig/rosactavl_ws/install/action_availabilities_msgs/include/action_availabilities_msgs/action/detail/trigger__type_support.cpp
[2.253s] -- Up-to-date: /home/craig/rosactavl_ws/install/action_availabilities_msgs/include/action_availabilities_msgs/action/detail/trigger__rosidl_typesupport_introspection_cpp.hpp
[2.254s] -- Up-to-date: /home/craig/rosactavl_ws/install/action_availabilities_msgs/lib/libaction_availabilities_msgs__rosidl_typesupport_introspection_cpp.so
[2.254s] -- Up-to-date: /home/craig/rosactavl_ws/install/action_availabilities_msgs/lib/libaction_availabilities_msgs__rosidl_typesupport_cpp.so
[2.254s] -- Up-to-date: /home/craig/rosactavl_ws/install/action_availabilities_msgs/share/action_availabilities_msgs/environment/pythonpath.sh
[2.254s] -- Up-to-date: /home/craig/rosactavl_ws/install/action_availabilities_msgs/share/action_availabilities_msgs/environment/pythonpath.dsv
[2.254s] -- Up-to-date: /home/craig/rosactavl_ws/install/action_availabilities_msgs/lib/python3.8/site-packages/action_availabilities_msgs/__init__.py
[3.046s] -- Up-to-date: /home/craig/rosactavl_ws/install/action_availabilities_msgs/lib/python3.8/site-packages/action_availabilities_msgs/action
[3.046s] -- Up-to-date: /home/craig/rosactavl_ws/install/action_availabilities_msgs/lib/python3.8/site-packages/action_availabilities_msgs/action/_trigger.py
[3.046s] -- Up-to-date: /home/craig/rosactavl_ws/install/action_availabilities_msgs/lib/python3.8/site-packages/action_availabilities_msgs/action/_trigger_s.c
[3.047s] -- Up-to-date: /home/craig/rosactavl_ws/install/action_availabilities_msgs/lib/python3.8/site-packages/action_availabilities_msgs/action/__init__.py
[3.047s] -- Up-to-date: /home/craig/rosactavl_ws/install/action_availabilities_msgs/lib/python3.8/site-packages/action_availabilities_msgs/msg
[3.047s] -- Up-to-date: /home/craig/rosactavl_ws/install/action_availabilities_msgs/lib/python3.8/site-packages/action_availabilities_msgs/msg/_action_availability_s.c
[3.047s] -- Up-to-date: /home/craig/rosactavl_ws/install/action_availabilities_msgs/lib/python3.8/site-packages/action_availabilities_msgs/msg/_availability_condition.py
[3.047s] -- Up-to-date: /home/craig/rosactavl_ws/install/action_availabilities_msgs/lib/python3.8/site-packages/action_availabilities_msgs/msg/__init__.py
[3.047s] -- Up-to-date: /home/craig/rosactavl_ws/install/action_availabilities_msgs/lib/python3.8/site-packages/action_availabilities_msgs/msg/_action_availability.py
[3.048s] -- Up-to-date: /home/craig/rosactavl_ws/install/action_availabilities_msgs/lib/python3.8/site-packages/action_availabilities_msgs/msg/_availability_condition_s.c
[3.048s] -- Up-to-date: /home/craig/rosactavl_ws/install/action_availabilities_msgs/lib/python3.8/site-packages/action_availabilities_msgs/action_availabilities_msgs_s__rosidl_typesupport_introspection_c.cpython-38-x86_64-linux-gnu.so
[3.048s] -- Up-to-date: /home/craig/rosactavl_ws/install/action_availabilities_msgs/lib/python3.8/site-packages/action_availabilities_msgs/action_availabilities_msgs_s__rosidl_typesupport_fastrtps_c.cpython-38-x86_64-linux-gnu.so
[3.050s] -- Up-to-date: /home/craig/rosactavl_ws/install/action_availabilities_msgs/lib/python3.8/site-packages/action_availabilities_msgs/action_availabilities_msgs_s__rosidl_typesupport_c.cpython-38-x86_64-linux-gnu.so
[3.052s] -- Up-to-date: /home/craig/rosactavl_ws/install/action_availabilities_msgs/lib/libaction_availabilities_msgs__python.so
[3.052s] -- Up-to-date: /home/craig/rosactavl_ws/install/action_availabilities_msgs/share/action_availabilities_msgs/action/Trigger.idl
[3.053s] -- Up-to-date: /home/craig/rosactavl_ws/install/action_availabilities_msgs/share/action_availabilities_msgs/msg/ActionAvailability.idl
[3.053s] -- Up-to-date: /home/craig/rosactavl_ws/install/action_availabilities_msgs/share/action_availabilities_msgs/msg/AvailabilityCondition.idl
[3.053s] -- Up-to-date: /home/craig/rosactavl_ws/install/action_availabilities_msgs/share/action_availabilities_msgs/action/Trigger.action
[3.054s] -- Up-to-date: /home/craig/rosactavl_ws/install/action_availabilities_msgs/share/action_availabilities_msgs/msg/ActionAvailability.msg
[3.054s] -- Up-to-date: /home/craig/rosactavl_ws/install/action_availabilities_msgs/share/action_availabilities_msgs/msg/AvailabilityCondition.msg
[3.055s] -- Up-to-date: /home/craig/rosactavl_ws/install/action_availabilities_msgs/share/ament_index/resource_index/package_run_dependencies/action_availabilities_msgs
[3.055s] -- Up-to-date: /home/craig/rosactavl_ws/install/action_availabilities_msgs/share/ament_index/resource_index/parent_prefix_path/action_availabilities_msgs
[3.056s] -- Up-to-date: /home/craig/rosactavl_ws/install/action_availabilities_msgs/share/action_availabilities_msgs/environment/ament_prefix_path.dsv
[3.056s] -- Up-to-date: /home/craig/rosactavl_ws/install/action_availabilities_msgs/share/action_availabilities_msgs/environment/path.dsv
[3.056s] -- Up-to-date: /home/craig/rosactavl_ws/install/action_availabilities_msgs/share/action_availabilities_msgs/local_setup.bash
[3.056s] -- Up-to-date: /home/craig/rosactavl_ws/install/action_availabilities_msgs/share/action_availabilities_msgs/local_setup.sh
[3.057s] -- Up-to-date: /home/craig/rosactavl_ws/install/action_availabilities_msgs/share/action_availabilities_msgs/local_setup.zsh
[3.057s] -- Up-to-date: /home/craig/rosactavl_ws/install/action_availabilities_msgs/share/action_availabilities_msgs/local_setup.dsv
[3.057s] -- Installing: /home/craig/rosactavl_ws/install/action_availabilities_msgs/share/action_availabilities_msgs/package.dsv
[3.057s] -- Up-to-date: /home/craig/rosactavl_ws/install/action_availabilities_msgs/share/ament_index/resource_index/packages/action_availabilities_msgs
[3.057s] -- Up-to-date: /home/craig/rosactavl_ws/install/action_availabilities_msgs/share/action_availabilities_msgs/cmake/action_availabilities_msgs__rosidl_generator_cExport.cmake
[3.058s] -- Up-to-date: /home/craig/rosactavl_ws/install/action_availabilities_msgs/share/action_availabilities_msgs/cmake/action_availabilities_msgs__rosidl_generator_cExport-noconfig.cmake
[3.058s] -- Up-to-date: /home/craig/rosactavl_ws/install/action_availabilities_msgs/share/action_availabilities_msgs/cmake/action_availabilities_msgs__rosidl_typesupport_introspection_cExport.cmake
[3.058s] -- Up-to-date: /home/craig/rosactavl_ws/install/action_availabilities_msgs/share/action_availabilities_msgs/cmake/action_availabilities_msgs__rosidl_typesupport_introspection_cExport-noconfig.cmake
[3.058s] -- Up-to-date: /home/craig/rosactavl_ws/install/action_availabilities_msgs/share/action_availabilities_msgs/cmake/action_availabilities_msgs__rosidl_typesupport_cExport.cmake
[3.058s] -- Up-to-date: /home/craig/rosactavl_ws/install/action_availabilities_msgs/share/action_availabilities_msgs/cmake/action_availabilities_msgs__rosidl_typesupport_cExport-noconfig.cmake
[3.058s] -- Up-to-date: /home/craig/rosactavl_ws/install/action_availabilities_msgs/share/action_availabilities_msgs/cmake/action_availabilities_msgs__rosidl_generator_cppExport.cmake
[3.059s] -- Up-to-date: /home/craig/rosactavl_ws/install/action_availabilities_msgs/share/action_availabilities_msgs/cmake/action_availabilities_msgs__rosidl_typesupport_introspection_cppExport.cmake
[3.059s] -- Up-to-date: /home/craig/rosactavl_ws/install/action_availabilities_msgs/share/action_availabilities_msgs/cmake/action_availabilities_msgs__rosidl_typesupport_introspection_cppExport-noconfig.cmake
[3.059s] -- Up-to-date: /home/craig/rosactavl_ws/install/action_availabilities_msgs/share/action_availabilities_msgs/cmake/action_availabilities_msgs__rosidl_typesupport_cppExport.cmake
[3.059s] -- Up-to-date: /home/craig/rosactavl_ws/install/action_availabilities_msgs/share/action_availabilities_msgs/cmake/action_availabilities_msgs__rosidl_typesupport_cppExport-noconfig.cmake
[3.059s] -- Up-to-date: /home/craig/rosactavl_ws/install/action_availabilities_msgs/share/action_availabilities_msgs/cmake/rosidl_cmake-extras.cmake
[3.059s] -- Up-to-date: /home/craig/rosactavl_ws/install/action_availabilities_msgs/share/action_availabilities_msgs/cmake/ament_cmake_export_dependencies-extras.cmake
[3.060s] -- Up-to-date: /home/craig/rosactavl_ws/install/action_availabilities_msgs/share/action_availabilities_msgs/cmake/ament_cmake_export_libraries-extras.cmake
[3.060s] -- Up-to-date: /home/craig/rosactavl_ws/install/action_availabilities_msgs/share/action_availabilities_msgs/cmake/ament_cmake_export_targets-extras.cmake
[3.060s] -- Up-to-date: /home/craig/rosactavl_ws/install/action_availabilities_msgs/share/action_availabilities_msgs/cmake/ament_cmake_export_include_directories-extras.cmake
[3.060s] -- Up-to-date: /home/craig/rosactavl_ws/install/action_availabilities_msgs/share/action_availabilities_msgs/cmake/rosidl_cmake_export_typesupport_targets-extras.cmake
[3.060s] -- Up-to-date: /home/craig/rosactavl_ws/install/action_availabilities_msgs/share/action_availabilities_msgs/cmake/rosidl_cmake_export_typesupport_libraries-extras.cmake
[3.060s] -- Up-to-date: /home/craig/rosactavl_ws/install/action_availabilities_msgs/share/action_availabilities_msgs/cmake/action_availabilities_msgsConfig.cmake
[3.060s] -- Up-to-date: /home/craig/rosactavl_ws/install/action_availabilities_msgs/share/action_availabilities_msgs/cmake/action_availabilities_msgsConfig-version.cmake
[3.060s] -- Up-to-date: /home/craig/rosactavl_ws/install/action_availabilities_msgs/share/action_availabilities_msgs/package.xml
[3.062s] Invoked command in '/home/craig/rosactavl_ws/build/action_availabilities_msgs' returned '0': CMAKE_PREFIX_PATH=${CMAKE_PREFIX_PATH}:/home/craig/rosactavl_ws/install/action_availabilities:/home/craig/ros2_foxy/install/ros2bag:/home/craig/ros2_foxy/install/tracetools_launch:/home/craig/ros2_foxy/install/topic_monitor:/home/craig/ros2_foxy/install/examples_tf2_py:/home/craig/ros2_foxy/install/sros2:/home/craig/ros2_foxy/install/rqt_topic:/home/craig/ros2_foxy/install/rqt_reconfigure:/home/craig/ros2_foxy/install/rqt_action:/home/craig/ros2_foxy/install/rqt:/home/craig/ros2_foxy/install/rqt_graph:/home/craig/ros2_foxy/install/rqt_gui_py:/home/craig/ros2_foxy/install/rqt_gui:/home/craig/ros2_foxy/install/ros2trace:/home/craig/ros2_foxy/install/ros2topic:/home/craig/ros2_foxy/install/ros2test:/home/craig/ros2_foxy/install/ros2component:/home/craig/ros2_foxy/install/ros2param:/home/craig/ros2_foxy/install/ros2lifecycle:/home/craig/ros2_foxy/install/ros2service:/home/craig/ros2_foxy/install/ros2run:/home/craig/ros2_foxy/install/ros2launch:/home/craig/ros2_foxy/install/ros2pkg:/home/craig/ros2_foxy/install/ros2node:/home/craig/ros2_foxy/install/ros2multicast:/home/craig/ros2_foxy/install/ros2interface:/home/craig/ros2_foxy/install/ros2doctor:/home/craig/ros2_foxy/install/ros2action:/home/craig/ros2_foxy/install/ros2cli:/home/craig/ros2_foxy/install/quality_of_service_demo_py:/home/craig/ros2_foxy/install/launch_testing_ros:/home/craig/ros2_foxy/install/launch_ros:/home/craig/ros2_foxy/install/examples_rclpy_minimal_subscriber:/home/craig/ros2_foxy/install/examples_rclpy_minimal_service:/home/craig/ros2_foxy/install/examples_rclpy_minimal_publisher:/home/craig/ros2_foxy/install/examples_rclpy_minimal_client:/home/craig/ros2_foxy/install/examples_rclpy_minimal_action_server:/home/craig/ros2_foxy/install/examples_rclpy_minimal_action_client:/home/craig/ros2_foxy/install/examples_rclpy_executors:/home/craig/ros2_foxy/install/demo_nodes_py:/home/craig/ros2_foxy/install/action_tutorials_py:/home/craig/ros2_foxy/install/ament_uncrustify:/home/craig/ros2_foxy/install/tracetools_trace:/home/craig/ros2_foxy/install/tracetools_read:/home/craig/ros2_foxy/install/test_launch_ros:/home/craig/ros2_foxy/install/rpyutils:/home/craig/ros2_foxy/install/rosidl_runtime_py:/home/craig/ros2_foxy/install/launch_yaml:/home/craig/ros2_foxy/install/launch_xml:/home/craig/ros2_foxy/install/launch_testing:/home/craig/ros2_foxy/install/launch:/home/craig/ros2_foxy/install/osrf_pycommon:/home/craig/ros2_foxy/install/domain_coordinator:/home/craig/ros2_foxy/install/ament_xmllint:/home/craig/ros2_foxy/install/ament_pyflakes:/home/craig/ros2_foxy/install/ament_pycodestyle:/home/craig/ros2_foxy/install/ament_pep257:/home/craig/ros2_foxy/install/ament_pclint:/home/craig/ros2_foxy/install/ament_package:/home/craig/ros2_foxy/install/ament_mypy:/home/craig/ros2_foxy/install/ament_lint_cmake:/home/craig/ros2_foxy/install/ament_flake8:/home/craig/ros2_foxy/install/ament_copyright:/home/craig/ros2_foxy/install/ament_lint:/home/craig/ros2_foxy/install/ament_index_python:/home/craig/ros2_foxy/install/ament_cpplint:/home/craig/ros2_foxy/install/ament_cppcheck:/home/craig/ros2_foxy/install/ament_clang_tidy:/home/craig/ros2_foxy/install/ament_clang_format /usr/bin/cmake --install /home/craig/rosactavl_ws/build/action_availabilities_msgs
