[1.140s] Invoking command in '/home/craig/rosactavl_ws/src/action_availabilities': PYTHONPATH=/home/craig/rosactavl_ws/install/action_availabilities/lib/python3.8/site-packages:${PYTHONPATH} /usr/bin/python3 setup.py egg_info --egg-base /home/craig/rosactavl_ws/build/action_availabilities build --build-base /home/craig/rosactavl_ws/build/action_availabilities/build install --prefix /home/craig/rosactavl_ws/install/action_availabilities --record /home/craig/rosactavl_ws/build/action_availabilities/install.log --single-version-externally-managed
[2.469s] running egg_info
[2.471s] writing /home/craig/rosactavl_ws/build/action_availabilities/action_availabilities.egg-info/PKG-INFO
[2.471s] writing dependency_links to /home/craig/rosactavl_ws/build/action_availabilities/action_availabilities.egg-info/dependency_links.txt
[2.471s] writing entry points to /home/craig/rosactavl_ws/build/action_availabilities/action_availabilities.egg-info/entry_points.txt
[2.472s] writing requirements to /home/craig/rosactavl_ws/build/action_availabilities/action_availabilities.egg-info/requires.txt
[2.472s] writing top-level names to /home/craig/rosactavl_ws/build/action_availabilities/action_availabilities.egg-info/top_level.txt
[2.577s] reading manifest file '/home/craig/rosactavl_ws/build/action_availabilities/action_availabilities.egg-info/SOURCES.txt'
[2.579s] writing manifest file '/home/craig/rosactavl_ws/build/action_availabilities/action_availabilities.egg-info/SOURCES.txt'
[2.579s] running build
[2.579s] running build_py
[2.579s] copying action_availabilities/hello_action_node.py -> /home/craig/rosactavl_ws/build/action_availabilities/build/lib/action_availabilities
[2.580s] running install
[2.586s] running install_lib
[2.588s] copying /home/craig/rosactavl_ws/build/action_availabilities/build/lib/action_availabilities/hello_action_node.py -> /home/craig/rosactavl_ws/install/action_availabilities/lib/python3.8/site-packages/action_availabilities
[2.593s] byte-compiling /home/craig/rosactavl_ws/install/action_availabilities/lib/python3.8/site-packages/action_availabilities/hello_action_node.py to hello_action_node.cpython-38.pyc
[2.597s] running install_data
[2.598s] running install_egg_info
[2.605s] removing '/home/craig/rosactavl_ws/install/action_availabilities/lib/python3.8/site-packages/action_availabilities-0.0.0-py3.8.egg-info' (and everything under it)
[2.606s] Copying /home/craig/rosactavl_ws/build/action_availabilities/action_availabilities.egg-info to /home/craig/rosactavl_ws/install/action_availabilities/lib/python3.8/site-packages/action_availabilities-0.0.0-py3.8.egg-info
[2.607s] running install_scripts
[2.673s] Installing cli_tool script to /home/craig/rosactavl_ws/install/action_availabilities/lib/action_availabilities
[2.673s] Installing hello_action_node script to /home/craig/rosactavl_ws/install/action_availabilities/lib/action_availabilities
[2.673s] writing list of installed files to '/home/craig/rosactavl_ws/build/action_availabilities/install.log'
[2.717s] Invoked command in '/home/craig/rosactavl_ws/src/action_availabilities' returned '0': PYTHONPATH=/home/craig/rosactavl_ws/install/action_availabilities/lib/python3.8/site-packages:${PYTHONPATH} /usr/bin/python3 setup.py egg_info --egg-base /home/craig/rosactavl_ws/build/action_availabilities build --build-base /home/craig/rosactavl_ws/build/action_availabilities/build install --prefix /home/craig/rosactavl_ws/install/action_availabilities --record /home/craig/rosactavl_ws/build/action_availabilities/install.log --single-version-externally-managed
