[1.350s] [  2%] Built target action_availabilities_msgs__cpp
[1.384s] [ 12%] Built target action_availabilities_msgs__rosidl_generator_c
[1.475s] [ 23%] Built target action_availabilities_msgs__rosidl_typesupport_fastrtps_cpp
[1.480s] [ 34%] Built target action_availabilities_msgs__rosidl_typesupport_cpp
[1.493s] [ 44%] Built target action_availabilities_msgs__rosidl_typesupport_introspection_cpp
[1.524s] [ 55%] Built target action_availabilities_msgs__rosidl_typesupport_c
[1.573s] [ 65%] Built target action_availabilities_msgs__rosidl_typesupport_introspection_c
[1.578s] [ 76%] Built target action_availabilities_msgs__rosidl_typesupport_fastrtps_c
[1.643s] [ 76%] Built target action_availabilities_msgs
[1.728s] [ 78%] Built target action_availabilities_msgs__py
[1.797s] [ 87%] Built target action_availabilities_msgs__python
[1.902s] [ 91%] Built target action_availabilities_msgs__rosidl_typesupport_c__pyext
[1.904s] [ 95%] Built target action_availabilities_msgs__rosidl_typesupport_fastrtps_c__pyext
[1.906s] [100%] Built target action_availabilities_msgs__rosidl_typesupport_introspection_c__pyext
[2.475s] -- Install configuration: ""
[2.475s] -- Up-to-date: /home/craig/rosactavl_ws/install/action_availabilities_msgs/share/ament_index/resource_index/rosidl_interfaces/action_availabilities_msgs
[2.475s] -- Up-to-date: /home/craig/rosactavl_ws/install/action_availabilities_msgs/include/action_availabilities_msgs
[2.476s] -- Up-to-date: /home/craig/rosactavl_ws/install/action_availabilities_msgs/include/action_availabilities_msgs/msg
[2.476s] -- Up-to-date: /home/craig/rosactavl_ws/install/action_availabilities_msgs/include/action_availabilities_msgs/msg/rosidl_generator_c__visibility_control.h
[2.476s] -- Up-to-date: /home/craig/rosactavl_ws/install/action_availabilities_msgs/include/action_availabilities_msgs/msg/detail
[2.477s] -- Up-to-date: /home/craig/rosactavl_ws/install/action_availabilities_msgs/include/action_availabilities_msgs/msg/detail/availability_condition__functions.h
[2.477s] -- Up-to-date: /home/craig/rosactavl_ws/install/action_availabilities_msgs/include/action_availabilities_msgs/msg/detail/availability_condition__type_support.h
[2.477s] -- Up-to-date: /home/craig/rosactavl_ws/install/action_availabilities_msgs/include/action_availabilities_msgs/msg/detail/availability_condition__functions.c
[2.477s] -- Up-to-date: /home/craig/rosactavl_ws/install/action_availabilities_msgs/include/action_availabilities_msgs/msg/detail/availability_condition__struct.h
[2.478s] -- Up-to-date: /home/craig/rosactavl_ws/install/action_availabilities_msgs/include/action_availabilities_msgs/msg/detail/action_availability__functions.h
[2.478s] -- Up-to-date: /home/craig/rosactavl_ws/install/action_availabilities_msgs/include/action_availabilities_msgs/msg/detail/action_availability__functions.c
[2.478s] -- Up-to-date: /home/craig/rosactavl_ws/install/action_availabilities_msgs/include/action_availabilities_msgs/msg/detail/action_availability__type_support.h
[2.478s] -- Up-to-date: /home/craig/rosactavl_ws/install/action_availabilities_msgs/include/action_availabilities_msgs/msg/detail/action_availability__struct.h
[2.479s] -- Up-to-date: /home/craig/rosactavl_ws/install/action_availabilities_msgs/include/action_availabilities_msgs/msg/availability_condition.h
[2.479s] -- Up-to-date: /home/craig/rosactavl_ws/install/action_availabilities_msgs/include/action_availabilities_msgs/msg/action_availability.h
[2.479s] -- Up-to-date: /home/craig/rosactavl_ws/install/action_availabilities_msgs/include/action_availabilities_msgs/action
[2.479s] -- Up-to-date: /home/craig/rosactavl_ws/install/action_availabilities_msgs/include/action_availabilities_msgs/action/detail
[2.480s] -- Up-to-date: /home/craig/rosactavl_ws/install/action_availabilities_msgs/include/action_availabilities_msgs/action/detail/trigger__functions.c
[2.480s] -- Up-to-date: /home/craig/rosactavl_ws/install/action_availabilities_msgs/include/action_availabilities_msgs/action/detail/trigger__struct.h
[2.480s] -- Up-to-date: /home/craig/rosactavl_ws/install/action_availabilities_msgs/include/action_availabilities_msgs/action/detail/trigger__type_support.h
[2.480s] -- Up-to-date: /home/craig/rosactavl_ws/install/action_availabilities_msgs/include/action_availabilities_msgs/action/detail/trigger__functions.h
[2.481s] -- Up-to-date: /home/craig/rosactavl_ws/install/action_availabilities_msgs/include/action_availabilities_msgs/action/trigger.h
[2.481s] -- Up-to-date: /home/craig/rosactavl_ws/install/action_availabilities_msgs/share/action_availabilities_msgs/environment/library_path.sh
[2.481s] -- Up-to-date: /home/craig/rosactavl_ws/install/action_availabilities_msgs/share/action_availabilities_msgs/environment/library_path.dsv
[2.481s] -- Up-to-date: /home/craig/rosactavl_ws/install/action_availabilities_msgs/lib/libaction_availabilities_msgs__rosidl_generator_c.so
[2.482s] -- Up-to-date: /home/craig/rosactavl_ws/install/action_availabilities_msgs/include/action_availabilities_msgs
[2.482s] -- Up-to-date: /home/craig/rosactavl_ws/install/action_availabilities_msgs/include/action_availabilities_msgs/msg
[2.483s] -- Up-to-date: /home/craig/rosactavl_ws/install/action_availabilities_msgs/include/action_availabilities_msgs/msg/detail
[2.483s] -- Up-to-date: /home/craig/rosactavl_ws/install/action_availabilities_msgs/include/action_availabilities_msgs/msg/detail/action_availability__rosidl_typesupport_introspection_c.h
[2.483s] -- Up-to-date: /home/craig/rosactavl_ws/install/action_availabilities_msgs/include/action_availabilities_msgs/msg/detail/action_availability__type_support.c
[2.483s] -- Up-to-date: /home/craig/rosactavl_ws/install/action_availabilities_msgs/include/action_availabilities_msgs/msg/detail/availability_condition__type_support.c
[2.483s] -- Up-to-date: /home/craig/rosactavl_ws/install/action_availabilities_msgs/include/action_availabilities_msgs/msg/detail/availability_condition__rosidl_typesupport_introspection_c.h
[2.484s] -- Up-to-date: /home/craig/rosactavl_ws/install/action_availabilities_msgs/include/action_availabilities_msgs/msg/rosidl_typesupport_introspection_c__visibility_control.h
[2.484s] -- Up-to-date: /home/craig/rosactavl_ws/install/action_availabilities_msgs/include/action_availabilities_msgs/action
[2.484s] -- Up-to-date: /home/craig/rosactavl_ws/install/action_availabilities_msgs/include/action_availabilities_msgs/action/detail
[2.484s] -- Up-to-date: /home/craig/rosactavl_ws/install/action_availabilities_msgs/include/action_availabilities_msgs/action/detail/trigger__type_support.c
[2.485s] -- Up-to-date: /home/craig/rosactavl_ws/install/action_availabilities_msgs/include/action_availabilities_msgs/action/detail/trigger__rosidl_typesupport_introspection_c.h
[2.485s] -- Up-to-date: /home/craig/rosactavl_ws/install/action_availabilities_msgs/lib/libaction_availabilities_msgs__rosidl_typesupport_introspection_c.so
[2.485s] -- Up-to-date: /home/craig/rosactavl_ws/install/action_availabilities_msgs/include/action_availabilities_msgs
[2.485s] -- Up-to-date: /home/craig/rosactavl_ws/install/action_availabilities_msgs/include/action_availabilities_msgs/msg
[2.485s] -- Up-to-date: /home/craig/rosactavl_ws/install/action_availabilities_msgs/include/action_availabilities_msgs/msg/detail
[2.486s] -- Up-to-date: /home/craig/rosactavl_ws/install/action_availabilities_msgs/include/action_availabilities_msgs/msg/detail/availability_condition__rosidl_typesupport_fastrtps_c.h
[2.486s] -- Up-to-date: /home/craig/rosactavl_ws/install/action_availabilities_msgs/include/action_availabilities_msgs/msg/detail/action_availability__rosidl_typesupport_fastrtps_c.h
[2.486s] -- Up-to-date: /home/craig/rosactavl_ws/install/action_availabilities_msgs/include/action_availabilities_msgs/msg/rosidl_typesupport_fastrtps_c__visibility_control.h
[2.487s] -- Up-to-date: /home/craig/rosactavl_ws/install/action_availabilities_msgs/include/action_availabilities_msgs/action
[2.487s] -- Up-to-date: /home/craig/rosactavl_ws/install/action_availabilities_msgs/include/action_availabilities_msgs/action/detail
[2.487s] -- Up-to-date: /home/craig/rosactavl_ws/install/action_availabilities_msgs/include/action_availabilities_msgs/action/detail/trigger__rosidl_typesupport_fastrtps_c.h
[2.487s] -- Up-to-date: /home/craig/rosactavl_ws/install/action_availabilities_msgs/lib/libaction_availabilities_msgs__rosidl_typesupport_fastrtps_c.so
[2.488s] -- Up-to-date: /home/craig/rosactavl_ws/install/action_availabilities_msgs/include/action_availabilities_msgs
[2.488s] -- Up-to-date: /home/craig/rosactavl_ws/install/action_availabilities_msgs/include/action_availabilities_msgs/msg
[2.488s] -- Up-to-date: /home/craig/rosactavl_ws/install/action_availabilities_msgs/include/action_availabilities_msgs/msg/detail
[2.488s] -- Up-to-date: /home/craig/rosactavl_ws/install/action_availabilities_msgs/include/action_availabilities_msgs/msg/detail/dds_fastrtps
[2.488s] -- Up-to-date: /home/craig/rosactavl_ws/install/action_availabilities_msgs/include/action_availabilities_msgs/msg/detail/action_availability__rosidl_typesupport_fastrtps_cpp.hpp
[2.489s] -- Up-to-date: /home/craig/rosactavl_ws/install/action_availabilities_msgs/include/action_availabilities_msgs/msg/detail/availability_condition__rosidl_typesupport_fastrtps_cpp.hpp
[2.489s] -- Up-to-date: /home/craig/rosactavl_ws/install/action_availabilities_msgs/include/action_availabilities_msgs/msg/rosidl_typesupport_fastrtps_cpp__visibility_control.h
[2.489s] -- Up-to-date: /home/craig/rosactavl_ws/install/action_availabilities_msgs/include/action_availabilities_msgs/action
[2.489s] -- Up-to-date: /home/craig/rosactavl_ws/install/action_availabilities_msgs/include/action_availabilities_msgs/action/detail
[2.489s] -- Up-to-date: /home/craig/rosactavl_ws/install/action_availabilities_msgs/include/action_availabilities_msgs/action/detail/dds_fastrtps
[2.490s] -- Up-to-date: /home/craig/rosactavl_ws/install/action_availabilities_msgs/include/action_availabilities_msgs/action/detail/trigger__rosidl_typesupport_fastrtps_cpp.hpp
[2.490s] -- Up-to-date: /home/craig/rosactavl_ws/install/action_availabilities_msgs/lib/libaction_availabilities_msgs__rosidl_typesupport_fastrtps_cpp.so
[2.490s] -- Up-to-date: /home/craig/rosactavl_ws/install/action_availabilities_msgs/lib/libaction_availabilities_msgs__rosidl_typesupport_c.so
[2.490s] -- Up-to-date: /home/craig/rosactavl_ws/install/action_availabilities_msgs/include/action_availabilities_msgs
[2.490s] -- Up-to-date: /home/craig/rosactavl_ws/install/action_availabilities_msgs/include/action_availabilities_msgs/msg
[2.490s] -- Up-to-date: /home/craig/rosactavl_ws/install/action_availabilities_msgs/include/action_availabilities_msgs/msg/availability_condition.hpp
[2.491s] -- Up-to-date: /home/craig/rosactavl_ws/install/action_availabilities_msgs/include/action_availabilities_msgs/msg/detail
[2.491s] -- Up-to-date: /home/craig/rosactavl_ws/install/action_availabilities_msgs/include/action_availabilities_msgs/msg/detail/action_availability__builder.hpp
[2.491s] -- Up-to-date: /home/craig/rosactavl_ws/install/action_availabilities_msgs/include/action_availabilities_msgs/msg/detail/availability_condition__traits.hpp
[2.491s] -- Up-to-date: /home/craig/rosactavl_ws/install/action_availabilities_msgs/include/action_availabilities_msgs/msg/detail/action_availability__struct.hpp
[2.491s] -- Up-to-date: /home/craig/rosactavl_ws/install/action_availabilities_msgs/include/action_availabilities_msgs/msg/detail/availability_condition__builder.hpp
[2.492s] -- Up-to-date: /home/craig/rosactavl_ws/install/action_availabilities_msgs/include/action_availabilities_msgs/msg/detail/action_availability__traits.hpp
[2.492s] -- Up-to-date: /home/craig/rosactavl_ws/install/action_availabilities_msgs/include/action_availabilities_msgs/msg/detail/availability_condition__struct.hpp
[2.492s] -- Up-to-date: /home/craig/rosactavl_ws/install/action_availabilities_msgs/include/action_availabilities_msgs/msg/action_availability.hpp
[2.492s] -- Up-to-date: /home/craig/rosactavl_ws/install/action_availabilities_msgs/include/action_availabilities_msgs/action
[2.492s] -- Up-to-date: /home/craig/rosactavl_ws/install/action_availabilities_msgs/include/action_availabilities_msgs/action/detail
[2.493s] -- Up-to-date: /home/craig/rosactavl_ws/install/action_availabilities_msgs/include/action_availabilities_msgs/action/detail/trigger__struct.hpp
[2.493s] -- Up-to-date: /home/craig/rosactavl_ws/install/action_availabilities_msgs/include/action_availabilities_msgs/action/detail/trigger__builder.hpp
[2.493s] -- Up-to-date: /home/craig/rosactavl_ws/install/action_availabilities_msgs/include/action_availabilities_msgs/action/detail/trigger__traits.hpp
[2.493s] -- Up-to-date: /home/craig/rosactavl_ws/install/action_availabilities_msgs/include/action_availabilities_msgs/action/trigger.hpp
[2.493s] -- Up-to-date: /home/craig/rosactavl_ws/install/action_availabilities_msgs/include/action_availabilities_msgs
[2.494s] -- Up-to-date: /home/craig/rosactavl_ws/install/action_availabilities_msgs/include/action_availabilities_msgs/msg
[2.494s] -- Up-to-date: /home/craig/rosactavl_ws/install/action_availabilities_msgs/include/action_availabilities_msgs/msg/detail
[2.494s] -- Up-to-date: /home/craig/rosactavl_ws/install/action_availabilities_msgs/include/action_availabilities_msgs/msg/detail/action_availability__type_support.cpp
[2.494s] -- Up-to-date: /home/craig/rosactavl_ws/install/action_availabilities_msgs/include/action_availabilities_msgs/msg/detail/availability_condition__type_support.cpp
[2.494s] -- Up-to-date: /home/craig/rosactavl_ws/install/action_availabilities_msgs/include/action_availabilities_msgs/msg/detail/action_availability__rosidl_typesupport_introspection_cpp.hpp
[2.494s] -- Up-to-date: /home/craig/rosactavl_ws/install/action_availabilities_msgs/include/action_availabilities_msgs/msg/detail/availability_condition__rosidl_typesupport_introspection_cpp.hpp
[2.495s] -- Up-to-date: /home/craig/rosactavl_ws/install/action_availabilities_msgs/include/action_availabilities_msgs/action
[2.495s] -- Up-to-date: /home/craig/rosactavl_ws/install/action_availabilities_msgs/include/action_availabilities_msgs/action/detail
[2.495s] -- Up-to-date: /home/craig/rosactavl_ws/install/action_availabilities_msgs/include/action_availabilities_msgs/action/detail/trigger__type_support.cpp
[2.495s] -- Up-to-date: /home/craig/rosactavl_ws/install/action_availabilities_msgs/include/action_availabilities_msgs/action/detail/trigger__rosidl_typesupport_introspection_cpp.hpp
[2.495s] -- Up-to-date: /home/craig/rosactavl_ws/install/action_availabilities_msgs/lib/libaction_availabilities_msgs__rosidl_typesupport_introspection_cpp.so
[2.496s] -- Up-to-date: /home/craig/rosactavl_ws/install/action_availabilities_msgs/lib/libaction_availabilities_msgs__rosidl_typesupport_cpp.so
[2.496s] -- Up-to-date: /home/craig/rosactavl_ws/install/action_availabilities_msgs/share/action_availabilities_msgs/environment/pythonpath.sh
[2.496s] -- Up-to-date: /home/craig/rosactavl_ws/install/action_availabilities_msgs/share/action_availabilities_msgs/environment/pythonpath.dsv
[2.496s] -- Up-to-date: /home/craig/rosactavl_ws/install/action_availabilities_msgs/lib/python3.8/site-packages/action_availabilities_msgs/__init__.py
[3.128s] -- Up-to-date: /home/craig/rosactavl_ws/install/action_availabilities_msgs/lib/python3.8/site-packages/action_availabilities_msgs/action
[3.128s] -- Up-to-date: /home/craig/rosactavl_ws/install/action_availabilities_msgs/lib/python3.8/site-packages/action_availabilities_msgs/action/_trigger.py
[3.128s] -- Up-to-date: /home/craig/rosactavl_ws/install/action_availabilities_msgs/lib/python3.8/site-packages/action_availabilities_msgs/action/_trigger_s.c
[3.128s] -- Up-to-date: /home/craig/rosactavl_ws/install/action_availabilities_msgs/lib/python3.8/site-packages/action_availabilities_msgs/action/__init__.py
[3.128s] -- Up-to-date: /home/craig/rosactavl_ws/install/action_availabilities_msgs/lib/python3.8/site-packages/action_availabilities_msgs/msg
[3.129s] -- Up-to-date: /home/craig/rosactavl_ws/install/action_availabilities_msgs/lib/python3.8/site-packages/action_availabilities_msgs/msg/_action_availability_s.c
[3.129s] -- Up-to-date: /home/craig/rosactavl_ws/install/action_availabilities_msgs/lib/python3.8/site-packages/action_availabilities_msgs/msg/_availability_condition.py
[3.129s] -- Up-to-date: /home/craig/rosactavl_ws/install/action_availabilities_msgs/lib/python3.8/site-packages/action_availabilities_msgs/msg/__init__.py
[3.129s] -- Up-to-date: /home/craig/rosactavl_ws/install/action_availabilities_msgs/lib/python3.8/site-packages/action_availabilities_msgs/msg/_action_availability.py
[3.129s] -- Up-to-date: /home/craig/rosactavl_ws/install/action_availabilities_msgs/lib/python3.8/site-packages/action_availabilities_msgs/msg/_availability_condition_s.c
[3.129s] -- Up-to-date: /home/craig/rosactavl_ws/install/action_availabilities_msgs/lib/python3.8/site-packages/action_availabilities_msgs/action_availabilities_msgs_s__rosidl_typesupport_introspection_c.cpython-38-x86_64-linux-gnu.so
[3.130s] -- Up-to-date: /home/craig/rosactavl_ws/install/action_availabilities_msgs/lib/python3.8/site-packages/action_availabilities_msgs/action_availabilities_msgs_s__rosidl_typesupport_fastrtps_c.cpython-38-x86_64-linux-gnu.so
[3.131s] -- Up-to-date: /home/craig/rosactavl_ws/install/action_availabilities_msgs/lib/python3.8/site-packages/action_availabilities_msgs/action_availabilities_msgs_s__rosidl_typesupport_c.cpython-38-x86_64-linux-gnu.so
[3.132s] -- Up-to-date: /home/craig/rosactavl_ws/install/action_availabilities_msgs/lib/libaction_availabilities_msgs__python.so
[3.133s] -- Up-to-date: /home/craig/rosactavl_ws/install/action_availabilities_msgs/share/action_availabilities_msgs/action/Trigger.idl
[3.133s] -- Up-to-date: /home/craig/rosactavl_ws/install/action_availabilities_msgs/share/action_availabilities_msgs/msg/ActionAvailability.idl
[3.133s] -- Up-to-date: /home/craig/rosactavl_ws/install/action_availabilities_msgs/share/action_availabilities_msgs/msg/AvailabilityCondition.idl
[3.134s] -- Up-to-date: /home/craig/rosactavl_ws/install/action_availabilities_msgs/share/action_availabilities_msgs/action/Trigger.action
[3.134s] -- Up-to-date: /home/craig/rosactavl_ws/install/action_availabilities_msgs/share/action_availabilities_msgs/msg/ActionAvailability.msg
[3.134s] -- Up-to-date: /home/craig/rosactavl_ws/install/action_availabilities_msgs/share/action_availabilities_msgs/msg/AvailabilityCondition.msg
[3.134s] -- Up-to-date: /home/craig/rosactavl_ws/install/action_availabilities_msgs/share/ament_index/resource_index/package_run_dependencies/action_availabilities_msgs
[3.134s] -- Up-to-date: /home/craig/rosactavl_ws/install/action_availabilities_msgs/share/ament_index/resource_index/parent_prefix_path/action_availabilities_msgs
[3.135s] -- Up-to-date: /home/craig/rosactavl_ws/install/action_availabilities_msgs/share/action_availabilities_msgs/environment/ament_prefix_path.dsv
[3.135s] -- Up-to-date: /home/craig/rosactavl_ws/install/action_availabilities_msgs/share/action_availabilities_msgs/environment/path.dsv
[3.135s] -- Up-to-date: /home/craig/rosactavl_ws/install/action_availabilities_msgs/share/action_availabilities_msgs/local_setup.bash
[3.135s] -- Up-to-date: /home/craig/rosactavl_ws/install/action_availabilities_msgs/share/action_availabilities_msgs/local_setup.sh
[3.135s] -- Up-to-date: /home/craig/rosactavl_ws/install/action_availabilities_msgs/share/action_availabilities_msgs/local_setup.zsh
[3.135s] -- Up-to-date: /home/craig/rosactavl_ws/install/action_availabilities_msgs/share/action_availabilities_msgs/local_setup.dsv
[3.136s] -- Installing: /home/craig/rosactavl_ws/install/action_availabilities_msgs/share/action_availabilities_msgs/package.dsv
[3.136s] -- Up-to-date: /home/craig/rosactavl_ws/install/action_availabilities_msgs/share/ament_index/resource_index/packages/action_availabilities_msgs
[3.136s] -- Up-to-date: /home/craig/rosactavl_ws/install/action_availabilities_msgs/share/action_availabilities_msgs/cmake/action_availabilities_msgs__rosidl_generator_cExport.cmake
[3.136s] -- Up-to-date: /home/craig/rosactavl_ws/install/action_availabilities_msgs/share/action_availabilities_msgs/cmake/action_availabilities_msgs__rosidl_generator_cExport-noconfig.cmake
[3.136s] -- Up-to-date: /home/craig/rosactavl_ws/install/action_availabilities_msgs/share/action_availabilities_msgs/cmake/action_availabilities_msgs__rosidl_typesupport_introspection_cExport.cmake
[3.136s] -- Up-to-date: /home/craig/rosactavl_ws/install/action_availabilities_msgs/share/action_availabilities_msgs/cmake/action_availabilities_msgs__rosidl_typesupport_introspection_cExport-noconfig.cmake
[3.136s] -- Up-to-date: /home/craig/rosactavl_ws/install/action_availabilities_msgs/share/action_availabilities_msgs/cmake/action_availabilities_msgs__rosidl_typesupport_cExport.cmake
[3.137s] -- Up-to-date: /home/craig/rosactavl_ws/install/action_availabilities_msgs/share/action_availabilities_msgs/cmake/action_availabilities_msgs__rosidl_typesupport_cExport-noconfig.cmake
[3.137s] -- Up-to-date: /home/craig/rosactavl_ws/install/action_availabilities_msgs/share/action_availabilities_msgs/cmake/action_availabilities_msgs__rosidl_generator_cppExport.cmake
[3.137s] -- Up-to-date: /home/craig/rosactavl_ws/install/action_availabilities_msgs/share/action_availabilities_msgs/cmake/action_availabilities_msgs__rosidl_typesupport_introspection_cppExport.cmake
[3.137s] -- Up-to-date: /home/craig/rosactavl_ws/install/action_availabilities_msgs/share/action_availabilities_msgs/cmake/action_availabilities_msgs__rosidl_typesupport_introspection_cppExport-noconfig.cmake
[3.137s] -- Up-to-date: /home/craig/rosactavl_ws/install/action_availabilities_msgs/share/action_availabilities_msgs/cmake/action_availabilities_msgs__rosidl_typesupport_cppExport.cmake
[3.138s] -- Up-to-date: /home/craig/rosactavl_ws/install/action_availabilities_msgs/share/action_availabilities_msgs/cmake/action_availabilities_msgs__rosidl_typesupport_cppExport-noconfig.cmake
[3.138s] -- Up-to-date: /home/craig/rosactavl_ws/install/action_availabilities_msgs/share/action_availabilities_msgs/cmake/rosidl_cmake-extras.cmake
[3.138s] -- Up-to-date: /home/craig/rosactavl_ws/install/action_availabilities_msgs/share/action_availabilities_msgs/cmake/ament_cmake_export_dependencies-extras.cmake
[3.138s] -- Up-to-date: /home/craig/rosactavl_ws/install/action_availabilities_msgs/share/action_availabilities_msgs/cmake/ament_cmake_export_libraries-extras.cmake
[3.138s] -- Up-to-date: /home/craig/rosactavl_ws/install/action_availabilities_msgs/share/action_availabilities_msgs/cmake/ament_cmake_export_targets-extras.cmake
[3.138s] -- Up-to-date: /home/craig/rosactavl_ws/install/action_availabilities_msgs/share/action_availabilities_msgs/cmake/ament_cmake_export_include_directories-extras.cmake
[3.139s] -- Up-to-date: /home/craig/rosactavl_ws/install/action_availabilities_msgs/share/action_availabilities_msgs/cmake/rosidl_cmake_export_typesupport_targets-extras.cmake
[3.139s] -- Up-to-date: /home/craig/rosactavl_ws/install/action_availabilities_msgs/share/action_availabilities_msgs/cmake/rosidl_cmake_export_typesupport_libraries-extras.cmake
[3.139s] -- Up-to-date: /home/craig/rosactavl_ws/install/action_availabilities_msgs/share/action_availabilities_msgs/cmake/action_availabilities_msgsConfig.cmake
[3.139s] -- Up-to-date: /home/craig/rosactavl_ws/install/action_availabilities_msgs/share/action_availabilities_msgs/cmake/action_availabilities_msgsConfig-version.cmake
[3.139s] -- Up-to-date: /home/craig/rosactavl_ws/install/action_availabilities_msgs/share/action_availabilities_msgs/package.xml
