[0.354s] DEBUG:colcon:Command line arguments: ['/usr/bin/colcon', 'build']
[0.355s] DEBUG:colcon:Parsed command line arguments: Namespace(ament_cmake_args=None, base_paths=['.'], build_base='build', catkin_cmake_args=None, catkin_skip_building_tests=False, cmake_args=None, cmake_clean_cache=False, cmake_clean_first=False, cmake_force_configure=False, cmake_target=None, cmake_target_skip_unavailable=False, continue_on_error=False, event_handlers=None, executor='parallel', ignore_user_meta=False, install_base='install', log_base=None, log_level=None, main=<bound method BuildVerb.main of <colcon_core.verb.build.BuildVerb object at 0x7fdc43247790>>, merge_install=False, metas=['./colcon.meta'], packages_above=None, packages_above_depth=None, packages_end=None, packages_ignore=None, packages_ignore_regex=None, packages_select=None, packages_select_build_failed=False, packages_select_by_dep=None, packages_select_regex=None, packages_select_test_failures=False, packages_skip=None, packages_skip_build_finished=False, packages_skip_by_dep=None, packages_skip_regex=None, packages_skip_test_passed=False, packages_skip_up_to=None, packages_start=None, packages_up_to=None, parallel_workers=4, paths=None, symlink_install=False, test_result_base=None, verb_extension=<colcon_core.verb.build.BuildVerb object at 0x7fdc43247790>, verb_name='build', verb_parser=<colcon_defaults.argument_parser.defaults.DefaultArgumentsDecorator object at 0x7fdc43247d00>)
[0.456s] Level 1:colcon.colcon_core.package_discovery:discover_packages(colcon_meta) check parameters
[0.457s] Level 1:colcon.colcon_core.package_discovery:discover_packages(recursive) check parameters
[0.457s] Level 1:colcon.colcon_core.package_discovery:discover_packages(ignore) check parameters
[0.457s] Level 1:colcon.colcon_core.package_discovery:discover_packages(path) check parameters
[0.457s] Level 1:colcon.colcon_core.package_discovery:discover_packages(colcon_meta) discover
[0.457s] Level 1:colcon.colcon_core.package_discovery:discover_packages(recursive) discover
[0.457s] INFO:colcon.colcon_core.package_discovery:Crawling recursively for packages in '/home/craig/rosactavl_ws'
[0.457s] Level 1:colcon.colcon_core.package_identification:_identify(.) by extensions ['ignore', 'ignore_ament_install']
[0.457s] Level 1:colcon.colcon_core.package_identification:_identify(.) by extension 'ignore'
[0.457s] Level 1:colcon.colcon_core.package_identification:_identify(.) by extension 'ignore_ament_install'
[0.457s] Level 1:colcon.colcon_core.package_identification:_identify(.) by extensions ['colcon_pkg']
[0.457s] Level 1:colcon.colcon_core.package_identification:_identify(.) by extension 'colcon_pkg'
[0.457s] Level 1:colcon.colcon_core.package_identification:_identify(.) by extensions ['colcon_meta']
[0.458s] Level 1:colcon.colcon_core.package_identification:_identify(.) by extension 'colcon_meta'
[0.458s] Level 1:colcon.colcon_core.package_identification:_identify(.) by extensions ['ros']
[0.458s] Level 1:colcon.colcon_core.package_identification:_identify(.) by extension 'ros'
[0.475s] Level 1:colcon.colcon_core.package_identification:_identify(.) by extensions ['cmake', 'python']
[0.475s] Level 1:colcon.colcon_core.package_identification:_identify(.) by extension 'cmake'
[0.475s] Level 1:colcon.colcon_core.package_identification:_identify(.) by extension 'python'
[0.475s] Level 1:colcon.colcon_core.package_identification:_identify(.) by extensions ['python_setup_py']
[0.475s] Level 1:colcon.colcon_core.package_identification:_identify(.) by extension 'python_setup_py'
[0.475s] Level 1:colcon.colcon_core.package_identification:_identify(build) by extensions ['ignore', 'ignore_ament_install']
[0.476s] Level 1:colcon.colcon_core.package_identification:_identify(build) by extension 'ignore'
[0.476s] Level 1:colcon.colcon_core.package_identification:_identify(build) ignored
[0.476s] Level 1:colcon.colcon_core.package_identification:_identify(install) by extensions ['ignore', 'ignore_ament_install']
[0.476s] Level 1:colcon.colcon_core.package_identification:_identify(install) by extension 'ignore'
[0.476s] Level 1:colcon.colcon_core.package_identification:_identify(install) ignored
[0.476s] Level 1:colcon.colcon_core.package_identification:_identify(log) by extensions ['ignore', 'ignore_ament_install']
[0.476s] Level 1:colcon.colcon_core.package_identification:_identify(log) by extension 'ignore'
[0.476s] Level 1:colcon.colcon_core.package_identification:_identify(log) ignored
[0.476s] Level 1:colcon.colcon_core.package_identification:_identify(src) by extensions ['ignore', 'ignore_ament_install']
[0.476s] Level 1:colcon.colcon_core.package_identification:_identify(src) by extension 'ignore'
[0.477s] Level 1:colcon.colcon_core.package_identification:_identify(src) by extension 'ignore_ament_install'
[0.477s] Level 1:colcon.colcon_core.package_identification:_identify(src) by extensions ['colcon_pkg']
[0.477s] Level 1:colcon.colcon_core.package_identification:_identify(src) by extension 'colcon_pkg'
[0.477s] Level 1:colcon.colcon_core.package_identification:_identify(src) by extensions ['colcon_meta']
[0.477s] Level 1:colcon.colcon_core.package_identification:_identify(src) by extension 'colcon_meta'
[0.477s] Level 1:colcon.colcon_core.package_identification:_identify(src) by extensions ['ros']
[0.477s] Level 1:colcon.colcon_core.package_identification:_identify(src) by extension 'ros'
[0.477s] Level 1:colcon.colcon_core.package_identification:_identify(src) by extensions ['cmake', 'python']
[0.477s] Level 1:colcon.colcon_core.package_identification:_identify(src) by extension 'cmake'
[0.477s] Level 1:colcon.colcon_core.package_identification:_identify(src) by extension 'python'
[0.477s] Level 1:colcon.colcon_core.package_identification:_identify(src) by extensions ['python_setup_py']
[0.477s] Level 1:colcon.colcon_core.package_identification:_identify(src) by extension 'python_setup_py'
[0.477s] Level 1:colcon.colcon_core.package_identification:_identify(src/action_availabilities) by extensions ['ignore', 'ignore_ament_install']
[0.477s] Level 1:colcon.colcon_core.package_identification:_identify(src/action_availabilities) by extension 'ignore'
[0.477s] Level 1:colcon.colcon_core.package_identification:_identify(src/action_availabilities) by extension 'ignore_ament_install'
[0.478s] Level 1:colcon.colcon_core.package_identification:_identify(src/action_availabilities) by extensions ['colcon_pkg']
[0.478s] Level 1:colcon.colcon_core.package_identification:_identify(src/action_availabilities) by extension 'colcon_pkg'
[0.478s] Level 1:colcon.colcon_core.package_identification:_identify(src/action_availabilities) by extensions ['colcon_meta']
[0.478s] Level 1:colcon.colcon_core.package_identification:_identify(src/action_availabilities) by extension 'colcon_meta'
[0.478s] Level 1:colcon.colcon_core.package_identification:_identify(src/action_availabilities) by extensions ['ros']
[0.478s] Level 1:colcon.colcon_core.package_identification:_identify(src/action_availabilities) by extension 'ros'
[0.481s] DEBUG:colcon.colcon_core.package_identification:Package 'src/action_availabilities' with type 'ros.ament_python' and name 'action_availabilities'
[0.481s] Level 1:colcon.colcon_core.package_identification:_identify(src/action_availabilities_msgs) by extensions ['ignore', 'ignore_ament_install']
[0.481s] Level 1:colcon.colcon_core.package_identification:_identify(src/action_availabilities_msgs) by extension 'ignore'
[0.481s] Level 1:colcon.colcon_core.package_identification:_identify(src/action_availabilities_msgs) by extension 'ignore_ament_install'
[0.481s] Level 1:colcon.colcon_core.package_identification:_identify(src/action_availabilities_msgs) by extensions ['colcon_pkg']
[0.481s] Level 1:colcon.colcon_core.package_identification:_identify(src/action_availabilities_msgs) by extension 'colcon_pkg'
[0.481s] Level 1:colcon.colcon_core.package_identification:_identify(src/action_availabilities_msgs) by extensions ['colcon_meta']
[0.481s] Level 1:colcon.colcon_core.package_identification:_identify(src/action_availabilities_msgs) by extension 'colcon_meta'
[0.481s] Level 1:colcon.colcon_core.package_identification:_identify(src/action_availabilities_msgs) by extensions ['ros']
[0.481s] Level 1:colcon.colcon_core.package_identification:_identify(src/action_availabilities_msgs) by extension 'ros'
[0.482s] DEBUG:colcon.colcon_core.package_identification:Package 'src/action_availabilities_msgs' with type 'ros.ament_cmake' and name 'action_availabilities_msgs'
[0.482s] Level 1:colcon.colcon_core.package_discovery:discover_packages(recursive) using defaults
[0.482s] Level 1:colcon.colcon_core.package_discovery:discover_packages(ignore) discover
[0.482s] Level 1:colcon.colcon_core.package_discovery:discover_packages(ignore) using defaults
[0.482s] Level 1:colcon.colcon_core.package_discovery:discover_packages(path) discover
[0.482s] Level 1:colcon.colcon_core.package_discovery:discover_packages(path) using defaults
[0.494s] Level 5:colcon.colcon_core.verb:set package 'action_availabilities' build argument 'cmake_args' from command line to 'None'
[0.494s] Level 5:colcon.colcon_core.verb:set package 'action_availabilities' build argument 'cmake_target' from command line to 'None'
[0.494s] Level 5:colcon.colcon_core.verb:set package 'action_availabilities' build argument 'cmake_target_skip_unavailable' from command line to 'False'
[0.494s] Level 5:colcon.colcon_core.verb:set package 'action_availabilities' build argument 'cmake_clean_cache' from command line to 'False'
[0.494s] Level 5:colcon.colcon_core.verb:set package 'action_availabilities' build argument 'cmake_clean_first' from command line to 'False'
[0.494s] Level 5:colcon.colcon_core.verb:set package 'action_availabilities' build argument 'cmake_force_configure' from command line to 'False'
[0.494s] Level 5:colcon.colcon_core.verb:set package 'action_availabilities' build argument 'ament_cmake_args' from command line to 'None'
[0.494s] Level 5:colcon.colcon_core.verb:set package 'action_availabilities' build argument 'catkin_cmake_args' from command line to 'None'
[0.494s] Level 5:colcon.colcon_core.verb:set package 'action_availabilities' build argument 'catkin_skip_building_tests' from command line to 'False'
[0.495s] DEBUG:colcon.colcon_core.verb:Building package 'action_availabilities' with the following arguments: {'ament_cmake_args': None, 'build_base': '/home/craig/rosactavl_ws/build/action_availabilities', 'catkin_cmake_args': None, 'catkin_skip_building_tests': False, 'cmake_args': None, 'cmake_clean_cache': False, 'cmake_clean_first': False, 'cmake_force_configure': False, 'cmake_target': None, 'cmake_target_skip_unavailable': False, 'install_base': '/home/craig/rosactavl_ws/install/action_availabilities', 'merge_install': False, 'path': '/home/craig/rosactavl_ws/src/action_availabilities', 'symlink_install': False, 'test_result_base': None}
[0.501s] Level 5:colcon.colcon_core.verb:set package 'action_availabilities_msgs' build argument 'cmake_args' from command line to 'None'
[0.501s] Level 5:colcon.colcon_core.verb:set package 'action_availabilities_msgs' build argument 'cmake_target' from command line to 'None'
[0.501s] Level 5:colcon.colcon_core.verb:set package 'action_availabilities_msgs' build argument 'cmake_target_skip_unavailable' from command line to 'False'
[0.502s] Level 5:colcon.colcon_core.verb:set package 'action_availabilities_msgs' build argument 'cmake_clean_cache' from command line to 'False'
[0.502s] Level 5:colcon.colcon_core.verb:set package 'action_availabilities_msgs' build argument 'cmake_clean_first' from command line to 'False'
[0.502s] Level 5:colcon.colcon_core.verb:set package 'action_availabilities_msgs' build argument 'cmake_force_configure' from command line to 'False'
[0.502s] Level 5:colcon.colcon_core.verb:set package 'action_availabilities_msgs' build argument 'ament_cmake_args' from command line to 'None'
[0.502s] Level 5:colcon.colcon_core.verb:set package 'action_availabilities_msgs' build argument 'catkin_cmake_args' from command line to 'None'
[0.502s] Level 5:colcon.colcon_core.verb:set package 'action_availabilities_msgs' build argument 'catkin_skip_building_tests' from command line to 'False'
[0.502s] DEBUG:colcon.colcon_core.verb:Building package 'action_availabilities_msgs' with the following arguments: {'ament_cmake_args': None, 'build_base': '/home/craig/rosactavl_ws/build/action_availabilities_msgs', 'catkin_cmake_args': None, 'catkin_skip_building_tests': False, 'cmake_args': None, 'cmake_clean_cache': False, 'cmake_clean_first': False, 'cmake_force_configure': False, 'cmake_target': None, 'cmake_target_skip_unavailable': False, 'install_base': '/home/craig/rosactavl_ws/install/action_availabilities_msgs', 'merge_install': False, 'path': '/home/craig/rosactavl_ws/src/action_availabilities_msgs', 'symlink_install': False, 'test_result_base': None}
[0.502s] INFO:colcon.colcon_core.executor:Executing jobs using 'parallel' executor
[0.506s] DEBUG:colcon.colcon_parallel_executor.executor.parallel:run_until_complete
[0.507s] INFO:colcon.colcon_ros.task.ament_python.build:Building ROS package in '/home/craig/rosactavl_ws/src/action_availabilities' with build type 'ament_python'
[0.507s] Level 1:colcon.colcon_core.shell:create_environment_hook('action_availabilities', 'ament_prefix_path')
[0.517s] INFO:colcon.colcon_core.plugin_system:Skipping extension 'colcon_core.shell.bat': Not used on non-Windows systems
[0.517s] INFO:colcon.colcon_core.shell:Creating environment hook '/home/craig/rosactavl_ws/install/action_availabilities/share/action_availabilities/hook/ament_prefix_path.ps1'
[0.518s] INFO:colcon.colcon_core.shell:Creating environment descriptor '/home/craig/rosactavl_ws/install/action_availabilities/share/action_availabilities/hook/ament_prefix_path.dsv'
[0.519s] INFO:colcon.colcon_core.shell:Creating environment hook '/home/craig/rosactavl_ws/install/action_availabilities/share/action_availabilities/hook/ament_prefix_path.sh'
[0.520s] INFO:colcon.colcon_core.shell:Skip shell extension 'powershell' for command environment: Not usable outside of PowerShell
[0.520s] DEBUG:colcon.colcon_core.shell:Skip shell extension 'dsv' for command environment
[0.558s] INFO:colcon.colcon_ros.task.ament_cmake.build:Building ROS package in '/home/craig/rosactavl_ws/src/action_availabilities_msgs' with build type 'ament_cmake'
[0.560s] INFO:colcon.colcon_cmake.task.cmake.build:Building CMake package in '/home/craig/rosactavl_ws/src/action_availabilities_msgs'
[0.561s] INFO:colcon.colcon_core.shell:Skip shell extension 'powershell' for command environment: Not usable outside of PowerShell
[0.561s] DEBUG:colcon.colcon_core.shell:Skip shell extension 'dsv' for command environment
[1.576s] INFO:colcon.colcon_core.task.python.build:Building Python package in '/home/craig/rosactavl_ws/src/action_availabilities'
[1.578s] INFO:colcon.colcon_core.shell:Skip shell extension 'powershell' for command environment: Not usable outside of PowerShell
[1.578s] DEBUG:colcon.colcon_core.shell:Skip shell extension 'dsv' for command environment
[1.629s] DEBUG:colcon.colcon_core.event_handler.log_command:Invoking command in '/home/craig/rosactavl_ws/build/action_availabilities_msgs': CMAKE_PREFIX_PATH=${CMAKE_PREFIX_PATH}:/home/craig/rosactavl_ws/install/action_availabilities:/home/craig/ros2_foxy/install/ros2bag:/home/craig/ros2_foxy/install/tracetools_launch:/home/craig/ros2_foxy/install/topic_monitor:/home/craig/ros2_foxy/install/examples_tf2_py:/home/craig/ros2_foxy/install/sros2:/home/craig/ros2_foxy/install/rqt_topic:/home/craig/ros2_foxy/install/rqt_reconfigure:/home/craig/ros2_foxy/install/rqt_action:/home/craig/ros2_foxy/install/rqt:/home/craig/ros2_foxy/install/rqt_graph:/home/craig/ros2_foxy/install/rqt_gui_py:/home/craig/ros2_foxy/install/rqt_gui:/home/craig/ros2_foxy/install/ros2trace:/home/craig/ros2_foxy/install/ros2topic:/home/craig/ros2_foxy/install/ros2test:/home/craig/ros2_foxy/install/ros2component:/home/craig/ros2_foxy/install/ros2param:/home/craig/ros2_foxy/install/ros2lifecycle:/home/craig/ros2_foxy/install/ros2service:/home/craig/ros2_foxy/install/ros2run:/home/craig/ros2_foxy/install/ros2launch:/home/craig/ros2_foxy/install/ros2pkg:/home/craig/ros2_foxy/install/ros2node:/home/craig/ros2_foxy/install/ros2multicast:/home/craig/ros2_foxy/install/ros2interface:/home/craig/ros2_foxy/install/ros2doctor:/home/craig/ros2_foxy/install/ros2action:/home/craig/ros2_foxy/install/ros2cli:/home/craig/ros2_foxy/install/quality_of_service_demo_py:/home/craig/ros2_foxy/install/launch_testing_ros:/home/craig/ros2_foxy/install/launch_ros:/home/craig/ros2_foxy/install/examples_rclpy_minimal_subscriber:/home/craig/ros2_foxy/install/examples_rclpy_minimal_service:/home/craig/ros2_foxy/install/examples_rclpy_minimal_publisher:/home/craig/ros2_foxy/install/examples_rclpy_minimal_client:/home/craig/ros2_foxy/install/examples_rclpy_minimal_action_server:/home/craig/ros2_foxy/install/examples_rclpy_minimal_action_client:/home/craig/ros2_foxy/install/examples_rclpy_executors:/home/craig/ros2_foxy/install/demo_nodes_py:/home/craig/ros2_foxy/install/action_tutorials_py:/home/craig/ros2_foxy/install/ament_uncrustify:/home/craig/ros2_foxy/install/tracetools_trace:/home/craig/ros2_foxy/install/tracetools_read:/home/craig/ros2_foxy/install/test_launch_ros:/home/craig/ros2_foxy/install/rpyutils:/home/craig/ros2_foxy/install/rosidl_runtime_py:/home/craig/ros2_foxy/install/launch_yaml:/home/craig/ros2_foxy/install/launch_xml:/home/craig/ros2_foxy/install/launch_testing:/home/craig/ros2_foxy/install/launch:/home/craig/ros2_foxy/install/osrf_pycommon:/home/craig/ros2_foxy/install/domain_coordinator:/home/craig/ros2_foxy/install/ament_xmllint:/home/craig/ros2_foxy/install/ament_pyflakes:/home/craig/ros2_foxy/install/ament_pycodestyle:/home/craig/ros2_foxy/install/ament_pep257:/home/craig/ros2_foxy/install/ament_pclint:/home/craig/ros2_foxy/install/ament_package:/home/craig/ros2_foxy/install/ament_mypy:/home/craig/ros2_foxy/install/ament_lint_cmake:/home/craig/ros2_foxy/install/ament_flake8:/home/craig/ros2_foxy/install/ament_copyright:/home/craig/ros2_foxy/install/ament_lint:/home/craig/ros2_foxy/install/ament_index_python:/home/craig/ros2_foxy/install/ament_cpplint:/home/craig/ros2_foxy/install/ament_cppcheck:/home/craig/ros2_foxy/install/ament_clang_tidy:/home/craig/ros2_foxy/install/ament_clang_format /usr/bin/cmake --build /home/craig/rosactavl_ws/build/action_availabilities_msgs -- -j4 -l4
[1.647s] DEBUG:colcon.colcon_core.event_handler.log_command:Invoking command in '/home/craig/rosactavl_ws/src/action_availabilities': PYTHONPATH=/home/craig/rosactavl_ws/install/action_availabilities/lib/python3.8/site-packages:${PYTHONPATH} /usr/bin/python3 setup.py egg_info --egg-base /home/craig/rosactavl_ws/build/action_availabilities build --build-base /home/craig/rosactavl_ws/build/action_availabilities/build install --prefix /home/craig/rosactavl_ws/install/action_availabilities --record /home/craig/rosactavl_ws/build/action_availabilities/install.log --single-version-externally-managed
[2.383s] DEBUG:colcon.colcon_core.event_handler.log_command:Invoked command in '/home/craig/rosactavl_ws/build/action_availabilities_msgs' returned '0': CMAKE_PREFIX_PATH=${CMAKE_PREFIX_PATH}:/home/craig/rosactavl_ws/install/action_availabilities:/home/craig/ros2_foxy/install/ros2bag:/home/craig/ros2_foxy/install/tracetools_launch:/home/craig/ros2_foxy/install/topic_monitor:/home/craig/ros2_foxy/install/examples_tf2_py:/home/craig/ros2_foxy/install/sros2:/home/craig/ros2_foxy/install/rqt_topic:/home/craig/ros2_foxy/install/rqt_reconfigure:/home/craig/ros2_foxy/install/rqt_action:/home/craig/ros2_foxy/install/rqt:/home/craig/ros2_foxy/install/rqt_graph:/home/craig/ros2_foxy/install/rqt_gui_py:/home/craig/ros2_foxy/install/rqt_gui:/home/craig/ros2_foxy/install/ros2trace:/home/craig/ros2_foxy/install/ros2topic:/home/craig/ros2_foxy/install/ros2test:/home/craig/ros2_foxy/install/ros2component:/home/craig/ros2_foxy/install/ros2param:/home/craig/ros2_foxy/install/ros2lifecycle:/home/craig/ros2_foxy/install/ros2service:/home/craig/ros2_foxy/install/ros2run:/home/craig/ros2_foxy/install/ros2launch:/home/craig/ros2_foxy/install/ros2pkg:/home/craig/ros2_foxy/install/ros2node:/home/craig/ros2_foxy/install/ros2multicast:/home/craig/ros2_foxy/install/ros2interface:/home/craig/ros2_foxy/install/ros2doctor:/home/craig/ros2_foxy/install/ros2action:/home/craig/ros2_foxy/install/ros2cli:/home/craig/ros2_foxy/install/quality_of_service_demo_py:/home/craig/ros2_foxy/install/launch_testing_ros:/home/craig/ros2_foxy/install/launch_ros:/home/craig/ros2_foxy/install/examples_rclpy_minimal_subscriber:/home/craig/ros2_foxy/install/examples_rclpy_minimal_service:/home/craig/ros2_foxy/install/examples_rclpy_minimal_publisher:/home/craig/ros2_foxy/install/examples_rclpy_minimal_client:/home/craig/ros2_foxy/install/examples_rclpy_minimal_action_server:/home/craig/ros2_foxy/install/examples_rclpy_minimal_action_client:/home/craig/ros2_foxy/install/examples_rclpy_executors:/home/craig/ros2_foxy/install/demo_nodes_py:/home/craig/ros2_foxy/install/action_tutorials_py:/home/craig/ros2_foxy/install/ament_uncrustify:/home/craig/ros2_foxy/install/tracetools_trace:/home/craig/ros2_foxy/install/tracetools_read:/home/craig/ros2_foxy/install/test_launch_ros:/home/craig/ros2_foxy/install/rpyutils:/home/craig/ros2_foxy/install/rosidl_runtime_py:/home/craig/ros2_foxy/install/launch_yaml:/home/craig/ros2_foxy/install/launch_xml:/home/craig/ros2_foxy/install/launch_testing:/home/craig/ros2_foxy/install/launch:/home/craig/ros2_foxy/install/osrf_pycommon:/home/craig/ros2_foxy/install/domain_coordinator:/home/craig/ros2_foxy/install/ament_xmllint:/home/craig/ros2_foxy/install/ament_pyflakes:/home/craig/ros2_foxy/install/ament_pycodestyle:/home/craig/ros2_foxy/install/ament_pep257:/home/craig/ros2_foxy/install/ament_pclint:/home/craig/ros2_foxy/install/ament_package:/home/craig/ros2_foxy/install/ament_mypy:/home/craig/ros2_foxy/install/ament_lint_cmake:/home/craig/ros2_foxy/install/ament_flake8:/home/craig/ros2_foxy/install/ament_copyright:/home/craig/ros2_foxy/install/ament_lint:/home/craig/ros2_foxy/install/ament_index_python:/home/craig/ros2_foxy/install/ament_cpplint:/home/craig/ros2_foxy/install/ament_cppcheck:/home/craig/ros2_foxy/install/ament_clang_tidy:/home/craig/ros2_foxy/install/ament_clang_format /usr/bin/cmake --build /home/craig/rosactavl_ws/build/action_availabilities_msgs -- -j4 -l4
[2.773s] DEBUG:colcon.colcon_core.event_handler.log_command:Invoking command in '/home/craig/rosactavl_ws/build/action_availabilities_msgs': CMAKE_PREFIX_PATH=${CMAKE_PREFIX_PATH}:/home/craig/rosactavl_ws/install/action_availabilities:/home/craig/ros2_foxy/install/ros2bag:/home/craig/ros2_foxy/install/tracetools_launch:/home/craig/ros2_foxy/install/topic_monitor:/home/craig/ros2_foxy/install/examples_tf2_py:/home/craig/ros2_foxy/install/sros2:/home/craig/ros2_foxy/install/rqt_topic:/home/craig/ros2_foxy/install/rqt_reconfigure:/home/craig/ros2_foxy/install/rqt_action:/home/craig/ros2_foxy/install/rqt:/home/craig/ros2_foxy/install/rqt_graph:/home/craig/ros2_foxy/install/rqt_gui_py:/home/craig/ros2_foxy/install/rqt_gui:/home/craig/ros2_foxy/install/ros2trace:/home/craig/ros2_foxy/install/ros2topic:/home/craig/ros2_foxy/install/ros2test:/home/craig/ros2_foxy/install/ros2component:/home/craig/ros2_foxy/install/ros2param:/home/craig/ros2_foxy/install/ros2lifecycle:/home/craig/ros2_foxy/install/ros2service:/home/craig/ros2_foxy/install/ros2run:/home/craig/ros2_foxy/install/ros2launch:/home/craig/ros2_foxy/install/ros2pkg:/home/craig/ros2_foxy/install/ros2node:/home/craig/ros2_foxy/install/ros2multicast:/home/craig/ros2_foxy/install/ros2interface:/home/craig/ros2_foxy/install/ros2doctor:/home/craig/ros2_foxy/install/ros2action:/home/craig/ros2_foxy/install/ros2cli:/home/craig/ros2_foxy/install/quality_of_service_demo_py:/home/craig/ros2_foxy/install/launch_testing_ros:/home/craig/ros2_foxy/install/launch_ros:/home/craig/ros2_foxy/install/examples_rclpy_minimal_subscriber:/home/craig/ros2_foxy/install/examples_rclpy_minimal_service:/home/craig/ros2_foxy/install/examples_rclpy_minimal_publisher:/home/craig/ros2_foxy/install/examples_rclpy_minimal_client:/home/craig/ros2_foxy/install/examples_rclpy_minimal_action_server:/home/craig/ros2_foxy/install/examples_rclpy_minimal_action_client:/home/craig/ros2_foxy/install/examples_rclpy_executors:/home/craig/ros2_foxy/install/demo_nodes_py:/home/craig/ros2_foxy/install/action_tutorials_py:/home/craig/ros2_foxy/install/ament_uncrustify:/home/craig/ros2_foxy/install/tracetools_trace:/home/craig/ros2_foxy/install/tracetools_read:/home/craig/ros2_foxy/install/test_launch_ros:/home/craig/ros2_foxy/install/rpyutils:/home/craig/ros2_foxy/install/rosidl_runtime_py:/home/craig/ros2_foxy/install/launch_yaml:/home/craig/ros2_foxy/install/launch_xml:/home/craig/ros2_foxy/install/launch_testing:/home/craig/ros2_foxy/install/launch:/home/craig/ros2_foxy/install/osrf_pycommon:/home/craig/ros2_foxy/install/domain_coordinator:/home/craig/ros2_foxy/install/ament_xmllint:/home/craig/ros2_foxy/install/ament_pyflakes:/home/craig/ros2_foxy/install/ament_pycodestyle:/home/craig/ros2_foxy/install/ament_pep257:/home/craig/ros2_foxy/install/ament_pclint:/home/craig/ros2_foxy/install/ament_package:/home/craig/ros2_foxy/install/ament_mypy:/home/craig/ros2_foxy/install/ament_lint_cmake:/home/craig/ros2_foxy/install/ament_flake8:/home/craig/ros2_foxy/install/ament_copyright:/home/craig/ros2_foxy/install/ament_lint:/home/craig/ros2_foxy/install/ament_index_python:/home/craig/ros2_foxy/install/ament_cpplint:/home/craig/ros2_foxy/install/ament_cppcheck:/home/craig/ros2_foxy/install/ament_clang_tidy:/home/craig/ros2_foxy/install/ament_clang_format /usr/bin/cmake --install /home/craig/rosactavl_ws/build/action_availabilities_msgs
[3.224s] DEBUG:colcon.colcon_core.event_handler.log_command:Invoked command in '/home/craig/rosactavl_ws/src/action_availabilities' returned '0': PYTHONPATH=/home/craig/rosactavl_ws/install/action_availabilities/lib/python3.8/site-packages:${PYTHONPATH} /usr/bin/python3 setup.py egg_info --egg-base /home/craig/rosactavl_ws/build/action_availabilities build --build-base /home/craig/rosactavl_ws/build/action_availabilities/build install --prefix /home/craig/rosactavl_ws/install/action_availabilities --record /home/craig/rosactavl_ws/build/action_availabilities/install.log --single-version-externally-managed
[3.234s] Level 1:colcon.colcon_core.environment:checking '/home/craig/rosactavl_ws/install/action_availabilities' for CMake module files
[3.235s] Level 1:colcon.colcon_core.environment:checking '/home/craig/rosactavl_ws/install/action_availabilities' for CMake config files
[3.236s] Level 1:colcon.colcon_core.environment:checking '/home/craig/rosactavl_ws/install/action_availabilities/lib'
[3.236s] Level 1:colcon.colcon_core.environment:checking '/home/craig/rosactavl_ws/install/action_availabilities/bin'
[3.236s] Level 1:colcon.colcon_core.environment:checking '/home/craig/rosactavl_ws/install/action_availabilities/lib/pkgconfig/action_availabilities.pc'
[3.236s] Level 1:colcon.colcon_core.environment:checking '/home/craig/rosactavl_ws/install/action_availabilities/lib/python3.8/site-packages'
[3.236s] Level 1:colcon.colcon_core.shell:create_environment_hook('action_availabilities', 'pythonpath')
[3.237s] INFO:colcon.colcon_core.shell:Creating environment hook '/home/craig/rosactavl_ws/install/action_availabilities/share/action_availabilities/hook/pythonpath.ps1'
[3.238s] INFO:colcon.colcon_core.shell:Creating environment descriptor '/home/craig/rosactavl_ws/install/action_availabilities/share/action_availabilities/hook/pythonpath.dsv'
[3.238s] INFO:colcon.colcon_core.shell:Creating environment hook '/home/craig/rosactavl_ws/install/action_availabilities/share/action_availabilities/hook/pythonpath.sh'
[3.239s] Level 1:colcon.colcon_core.environment:create_environment_scripts_only(action_availabilities)
[3.240s] INFO:colcon.colcon_core.shell:Creating package script '/home/craig/rosactavl_ws/install/action_availabilities/share/action_availabilities/package.ps1'
[3.241s] INFO:colcon.colcon_core.shell:Creating package descriptor '/home/craig/rosactavl_ws/install/action_availabilities/share/action_availabilities/package.dsv'
[3.242s] INFO:colcon.colcon_core.shell:Creating package script '/home/craig/rosactavl_ws/install/action_availabilities/share/action_availabilities/package.sh'
[3.243s] INFO:colcon.colcon_core.shell:Creating package script '/home/craig/rosactavl_ws/install/action_availabilities/share/action_availabilities/package.bash'
[3.244s] INFO:colcon.colcon_core.shell:Creating package script '/home/craig/rosactavl_ws/install/action_availabilities/share/action_availabilities/package.zsh'
[3.245s] Level 1:colcon.colcon_core.environment:create_file_with_runtime_dependencies(/home/craig/rosactavl_ws/install/action_availabilities/share/colcon-core/packages/action_availabilities)
[3.621s] Level 1:colcon.colcon_core.environment:create_environment_scripts_only(action_availabilities_msgs)
[3.623s] Level 1:colcon.colcon_core.environment:checking '/home/craig/rosactavl_ws/install/action_availabilities_msgs' for CMake module files
[3.624s] DEBUG:colcon.colcon_core.event_handler.log_command:Invoked command in '/home/craig/rosactavl_ws/build/action_availabilities_msgs' returned '0': CMAKE_PREFIX_PATH=${CMAKE_PREFIX_PATH}:/home/craig/rosactavl_ws/install/action_availabilities:/home/craig/ros2_foxy/install/ros2bag:/home/craig/ros2_foxy/install/tracetools_launch:/home/craig/ros2_foxy/install/topic_monitor:/home/craig/ros2_foxy/install/examples_tf2_py:/home/craig/ros2_foxy/install/sros2:/home/craig/ros2_foxy/install/rqt_topic:/home/craig/ros2_foxy/install/rqt_reconfigure:/home/craig/ros2_foxy/install/rqt_action:/home/craig/ros2_foxy/install/rqt:/home/craig/ros2_foxy/install/rqt_graph:/home/craig/ros2_foxy/install/rqt_gui_py:/home/craig/ros2_foxy/install/rqt_gui:/home/craig/ros2_foxy/install/ros2trace:/home/craig/ros2_foxy/install/ros2topic:/home/craig/ros2_foxy/install/ros2test:/home/craig/ros2_foxy/install/ros2component:/home/craig/ros2_foxy/install/ros2param:/home/craig/ros2_foxy/install/ros2lifecycle:/home/craig/ros2_foxy/install/ros2service:/home/craig/ros2_foxy/install/ros2run:/home/craig/ros2_foxy/install/ros2launch:/home/craig/ros2_foxy/install/ros2pkg:/home/craig/ros2_foxy/install/ros2node:/home/craig/ros2_foxy/install/ros2multicast:/home/craig/ros2_foxy/install/ros2interface:/home/craig/ros2_foxy/install/ros2doctor:/home/craig/ros2_foxy/install/ros2action:/home/craig/ros2_foxy/install/ros2cli:/home/craig/ros2_foxy/install/quality_of_service_demo_py:/home/craig/ros2_foxy/install/launch_testing_ros:/home/craig/ros2_foxy/install/launch_ros:/home/craig/ros2_foxy/install/examples_rclpy_minimal_subscriber:/home/craig/ros2_foxy/install/examples_rclpy_minimal_service:/home/craig/ros2_foxy/install/examples_rclpy_minimal_publisher:/home/craig/ros2_foxy/install/examples_rclpy_minimal_client:/home/craig/ros2_foxy/install/examples_rclpy_minimal_action_server:/home/craig/ros2_foxy/install/examples_rclpy_minimal_action_client:/home/craig/ros2_foxy/install/examples_rclpy_executors:/home/craig/ros2_foxy/install/demo_nodes_py:/home/craig/ros2_foxy/install/action_tutorials_py:/home/craig/ros2_foxy/install/ament_uncrustify:/home/craig/ros2_foxy/install/tracetools_trace:/home/craig/ros2_foxy/install/tracetools_read:/home/craig/ros2_foxy/install/test_launch_ros:/home/craig/ros2_foxy/install/rpyutils:/home/craig/ros2_foxy/install/rosidl_runtime_py:/home/craig/ros2_foxy/install/launch_yaml:/home/craig/ros2_foxy/install/launch_xml:/home/craig/ros2_foxy/install/launch_testing:/home/craig/ros2_foxy/install/launch:/home/craig/ros2_foxy/install/osrf_pycommon:/home/craig/ros2_foxy/install/domain_coordinator:/home/craig/ros2_foxy/install/ament_xmllint:/home/craig/ros2_foxy/install/ament_pyflakes:/home/craig/ros2_foxy/install/ament_pycodestyle:/home/craig/ros2_foxy/install/ament_pep257:/home/craig/ros2_foxy/install/ament_pclint:/home/craig/ros2_foxy/install/ament_package:/home/craig/ros2_foxy/install/ament_mypy:/home/craig/ros2_foxy/install/ament_lint_cmake:/home/craig/ros2_foxy/install/ament_flake8:/home/craig/ros2_foxy/install/ament_copyright:/home/craig/ros2_foxy/install/ament_lint:/home/craig/ros2_foxy/install/ament_index_python:/home/craig/ros2_foxy/install/ament_cpplint:/home/craig/ros2_foxy/install/ament_cppcheck:/home/craig/ros2_foxy/install/ament_clang_tidy:/home/craig/ros2_foxy/install/ament_clang_format /usr/bin/cmake --install /home/craig/rosactavl_ws/build/action_availabilities_msgs
[3.625s] Level 1:colcon.colcon_core.environment:checking '/home/craig/rosactavl_ws/install/action_availabilities_msgs' for CMake config files
[3.626s] Level 1:colcon.colcon_core.shell:create_environment_hook('action_availabilities_msgs', 'cmake_prefix_path')
[3.627s] INFO:colcon.colcon_core.shell:Creating environment hook '/home/craig/rosactavl_ws/install/action_availabilities_msgs/share/action_availabilities_msgs/hook/cmake_prefix_path.ps1'
[3.627s] INFO:colcon.colcon_core.shell:Creating environment descriptor '/home/craig/rosactavl_ws/install/action_availabilities_msgs/share/action_availabilities_msgs/hook/cmake_prefix_path.dsv'
[3.628s] INFO:colcon.colcon_core.shell:Creating environment hook '/home/craig/rosactavl_ws/install/action_availabilities_msgs/share/action_availabilities_msgs/hook/cmake_prefix_path.sh'
[3.628s] Level 1:colcon.colcon_core.environment:checking '/home/craig/rosactavl_ws/install/action_availabilities_msgs/lib'
[3.629s] Level 1:colcon.colcon_core.shell:create_environment_hook('action_availabilities_msgs', 'ld_library_path_lib')
[3.629s] INFO:colcon.colcon_core.shell:Creating environment hook '/home/craig/rosactavl_ws/install/action_availabilities_msgs/share/action_availabilities_msgs/hook/ld_library_path_lib.ps1'
[3.630s] INFO:colcon.colcon_core.shell:Creating environment descriptor '/home/craig/rosactavl_ws/install/action_availabilities_msgs/share/action_availabilities_msgs/hook/ld_library_path_lib.dsv'
[3.630s] INFO:colcon.colcon_core.shell:Creating environment hook '/home/craig/rosactavl_ws/install/action_availabilities_msgs/share/action_availabilities_msgs/hook/ld_library_path_lib.sh'
[3.631s] Level 1:colcon.colcon_core.environment:checking '/home/craig/rosactavl_ws/install/action_availabilities_msgs/bin'
[3.631s] Level 1:colcon.colcon_core.environment:checking '/home/craig/rosactavl_ws/install/action_availabilities_msgs/lib/pkgconfig/action_availabilities_msgs.pc'
[3.631s] Level 1:colcon.colcon_core.environment:checking '/home/craig/rosactavl_ws/install/action_availabilities_msgs/lib/python3.8/site-packages'
[3.631s] Level 1:colcon.colcon_core.shell:create_environment_hook('action_availabilities_msgs', 'pythonpath')
[3.632s] INFO:colcon.colcon_core.shell:Creating environment hook '/home/craig/rosactavl_ws/install/action_availabilities_msgs/share/action_availabilities_msgs/hook/pythonpath.ps1'
[3.632s] INFO:colcon.colcon_core.shell:Creating environment descriptor '/home/craig/rosactavl_ws/install/action_availabilities_msgs/share/action_availabilities_msgs/hook/pythonpath.dsv'
[3.633s] INFO:colcon.colcon_core.shell:Creating environment hook '/home/craig/rosactavl_ws/install/action_availabilities_msgs/share/action_availabilities_msgs/hook/pythonpath.sh'
[3.634s] INFO:colcon.colcon_core.shell:Creating package script '/home/craig/rosactavl_ws/install/action_availabilities_msgs/share/action_availabilities_msgs/package.ps1'
[3.635s] INFO:colcon.colcon_core.shell:Creating package descriptor '/home/craig/rosactavl_ws/install/action_availabilities_msgs/share/action_availabilities_msgs/package.dsv'
[3.635s] INFO:colcon.colcon_core.shell:Creating package script '/home/craig/rosactavl_ws/install/action_availabilities_msgs/share/action_availabilities_msgs/package.sh'
[3.636s] INFO:colcon.colcon_core.shell:Creating package script '/home/craig/rosactavl_ws/install/action_availabilities_msgs/share/action_availabilities_msgs/package.bash'
[3.636s] INFO:colcon.colcon_core.shell:Creating package script '/home/craig/rosactavl_ws/install/action_availabilities_msgs/share/action_availabilities_msgs/package.zsh'
[3.638s] Level 1:colcon.colcon_core.environment:create_file_with_runtime_dependencies(/home/craig/rosactavl_ws/install/action_availabilities_msgs/share/colcon-core/packages/action_availabilities_msgs)
[3.638s] DEBUG:colcon.colcon_parallel_executor.executor.parallel:closing loop
[3.640s] DEBUG:colcon.colcon_parallel_executor.executor.parallel:loop closed
[3.640s] DEBUG:colcon.colcon_parallel_executor.executor.parallel:run_until_complete finished with '0'
[3.640s] DEBUG:colcon.colcon_core.event_reactor:joining thread
[3.659s] INFO:colcon.colcon_core.plugin_system:Skipping extension 'colcon_notification.desktop_notification.notify_send': Could not find 'notify-send'
[3.659s] INFO:colcon.colcon_core.plugin_system:Skipping extension 'colcon_notification.desktop_notification.terminal_notifier': Not used on non-Darwin systems
[3.659s] INFO:colcon.colcon_core.plugin_system:Skipping extension 'colcon_notification.desktop_notification.win32': Not used on non-Windows systems
[3.659s] INFO:colcon.colcon_notification.desktop_notification:Sending desktop notification using 'notify2'
[3.693s] DEBUG:colcon.colcon_core.event_reactor:joined thread
[3.695s] INFO:colcon.colcon_core.shell:Creating prefix script '/home/craig/rosactavl_ws/install/local_setup.ps1'
[3.697s] INFO:colcon.colcon_core.shell:Creating prefix util module '/home/craig/rosactavl_ws/install/_local_setup_util_ps1.py'
[3.700s] INFO:colcon.colcon_core.shell:Creating prefix chain script '/home/craig/rosactavl_ws/install/setup.ps1'
[3.724s] INFO:colcon.colcon_core.shell:Creating prefix script '/home/craig/rosactavl_ws/install/local_setup.sh'
[3.725s] INFO:colcon.colcon_core.shell:Creating prefix util module '/home/craig/rosactavl_ws/install/_local_setup_util_sh.py'
[3.726s] INFO:colcon.colcon_core.shell:Creating prefix chain script '/home/craig/rosactavl_ws/install/setup.sh'
[3.749s] INFO:colcon.colcon_core.shell:Creating prefix script '/home/craig/rosactavl_ws/install/local_setup.bash'
[3.749s] INFO:colcon.colcon_core.shell:Creating prefix chain script '/home/craig/rosactavl_ws/install/setup.bash'
[3.772s] INFO:colcon.colcon_core.shell:Creating prefix script '/home/craig/rosactavl_ws/install/local_setup.zsh'
[3.773s] INFO:colcon.colcon_core.shell:Creating prefix chain script '/home/craig/rosactavl_ws/install/setup.zsh'
