[2.595s] running egg_info
[2.597s] writing /home/craig/rosactavl_ws/build/action_availabilities/action_availabilities.egg-info/PKG-INFO
[2.597s] writing dependency_links to /home/craig/rosactavl_ws/build/action_availabilities/action_availabilities.egg-info/dependency_links.txt
[2.597s] writing entry points to /home/craig/rosactavl_ws/build/action_availabilities/action_availabilities.egg-info/entry_points.txt
[2.598s] writing requirements to /home/craig/rosactavl_ws/build/action_availabilities/action_availabilities.egg-info/requires.txt
[2.598s] writing top-level names to /home/craig/rosactavl_ws/build/action_availabilities/action_availabilities.egg-info/top_level.txt
[2.701s] reading manifest file '/home/craig/rosactavl_ws/build/action_availabilities/action_availabilities.egg-info/SOURCES.txt'
[2.703s] writing manifest file '/home/craig/rosactavl_ws/build/action_availabilities/action_availabilities.egg-info/SOURCES.txt'
[2.703s] running build
[2.704s] running build_py
[2.704s] copying action_availabilities/hello_action_node.py -> /home/craig/rosactavl_ws/build/action_availabilities/build/lib/action_availabilities
[2.704s] running install
[2.710s] running install_lib
[2.712s] copying /home/craig/rosactavl_ws/build/action_availabilities/build/lib/action_availabilities/hello_action_node.py -> /home/craig/rosactavl_ws/install/action_availabilities/lib/python3.8/site-packages/action_availabilities
[2.718s] byte-compiling /home/craig/rosactavl_ws/install/action_availabilities/lib/python3.8/site-packages/action_availabilities/hello_action_node.py to hello_action_node.cpython-38.pyc
[2.721s] running install_data
[2.722s] running install_egg_info
[2.730s] removing '/home/craig/rosactavl_ws/install/action_availabilities/lib/python3.8/site-packages/action_availabilities-0.0.0-py3.8.egg-info' (and everything under it)
[2.731s] Copying /home/craig/rosactavl_ws/build/action_availabilities/action_availabilities.egg-info to /home/craig/rosactavl_ws/install/action_availabilities/lib/python3.8/site-packages/action_availabilities-0.0.0-py3.8.egg-info
[2.733s] running install_scripts
[2.799s] Installing cli_tool script to /home/craig/rosactavl_ws/install/action_availabilities/lib/action_availabilities
[2.799s] Installing hello_action_node script to /home/craig/rosactavl_ws/install/action_availabilities/lib/action_availabilities
[2.800s] writing list of installed files to '/home/craig/rosactavl_ws/build/action_availabilities/install.log'
