[1.289s] [  2%] Built target action_availabilities_msgs__cpp
[1.308s] [ 12%] Built target action_availabilities_msgs__rosidl_generator_c
[1.399s] [ 23%] Built target action_availabilities_msgs__rosidl_typesupport_cpp
[1.407s] [ 34%] Built target action_availabilities_msgs__rosidl_typesupport_introspection_cpp
[1.436s] [ 44%] Built target action_availabilities_msgs__rosidl_typesupport_fastrtps_cpp
[1.455s] [ 55%] Built target action_availabilities_msgs__rosidl_typesupport_c
[1.491s] [ 65%] Built target action_availabilities_msgs__rosidl_typesupport_introspection_c
[1.530s] [ 76%] Built target action_availabilities_msgs__rosidl_typesupport_fastrtps_c
[1.600s] [ 76%] Built target action_availabilities_msgs
[1.661s] [ 78%] Built target action_availabilities_msgs__py
[1.744s] [ 87%] Built target action_availabilities_msgs__python
[1.846s] [ 95%] Built target action_availabilities_msgs__rosidl_typesupport_c__pyext
[1.846s] [100%] Built target action_availabilities_msgs__rosidl_typesupport_fastrtps_c__pyext
[1.846s] [ 95%] Built target action_availabilities_msgs__rosidl_typesupport_introspection_c__pyext
[2.293s] -- Install configuration: ""
[2.294s] -- Up-to-date: /home/craig/rosactavl_ws/install/action_availabilities_msgs/share/ament_index/resource_index/rosidl_interfaces/action_availabilities_msgs
[2.294s] -- Up-to-date: /home/craig/rosactavl_ws/install/action_availabilities_msgs/include/action_availabilities_msgs
[2.295s] -- Up-to-date: /home/craig/rosactavl_ws/install/action_availabilities_msgs/include/action_availabilities_msgs/msg
[2.295s] -- Up-to-date: /home/craig/rosactavl_ws/install/action_availabilities_msgs/include/action_availabilities_msgs/msg/rosidl_generator_c__visibility_control.h
[2.295s] -- Up-to-date: /home/craig/rosactavl_ws/install/action_availabilities_msgs/include/action_availabilities_msgs/msg/detail
[2.295s] -- Up-to-date: /home/craig/rosactavl_ws/install/action_availabilities_msgs/include/action_availabilities_msgs/msg/detail/availability_condition__functions.h
[2.296s] -- Up-to-date: /home/craig/rosactavl_ws/install/action_availabilities_msgs/include/action_availabilities_msgs/msg/detail/availability_condition__type_support.h
[2.296s] -- Up-to-date: /home/craig/rosactavl_ws/install/action_availabilities_msgs/include/action_availabilities_msgs/msg/detail/availability_condition__functions.c
[2.296s] -- Up-to-date: /home/craig/rosactavl_ws/install/action_availabilities_msgs/include/action_availabilities_msgs/msg/detail/availability_condition__struct.h
[2.297s] -- Up-to-date: /home/craig/rosactavl_ws/install/action_availabilities_msgs/include/action_availabilities_msgs/msg/detail/action_availability__functions.h
[2.297s] -- Up-to-date: /home/craig/rosactavl_ws/install/action_availabilities_msgs/include/action_availabilities_msgs/msg/detail/action_availability__functions.c
[2.297s] -- Up-to-date: /home/craig/rosactavl_ws/install/action_availabilities_msgs/include/action_availabilities_msgs/msg/detail/action_availability__type_support.h
[2.297s] -- Up-to-date: /home/craig/rosactavl_ws/install/action_availabilities_msgs/include/action_availabilities_msgs/msg/detail/action_availability__struct.h
[2.297s] -- Up-to-date: /home/craig/rosactavl_ws/install/action_availabilities_msgs/include/action_availabilities_msgs/msg/availability_condition.h
[2.297s] -- Up-to-date: /home/craig/rosactavl_ws/install/action_availabilities_msgs/include/action_availabilities_msgs/msg/action_availability.h
[2.298s] -- Up-to-date: /home/craig/rosactavl_ws/install/action_availabilities_msgs/include/action_availabilities_msgs/action
[2.298s] -- Up-to-date: /home/craig/rosactavl_ws/install/action_availabilities_msgs/include/action_availabilities_msgs/action/detail
[2.298s] -- Up-to-date: /home/craig/rosactavl_ws/install/action_availabilities_msgs/include/action_availabilities_msgs/action/detail/trigger__functions.c
[2.298s] -- Up-to-date: /home/craig/rosactavl_ws/install/action_availabilities_msgs/include/action_availabilities_msgs/action/detail/trigger__struct.h
[2.298s] -- Up-to-date: /home/craig/rosactavl_ws/install/action_availabilities_msgs/include/action_availabilities_msgs/action/detail/trigger__type_support.h
[2.299s] -- Up-to-date: /home/craig/rosactavl_ws/install/action_availabilities_msgs/include/action_availabilities_msgs/action/detail/trigger__functions.h
[2.299s] -- Up-to-date: /home/craig/rosactavl_ws/install/action_availabilities_msgs/include/action_availabilities_msgs/action/trigger.h
[2.299s] -- Up-to-date: /home/craig/rosactavl_ws/install/action_availabilities_msgs/share/action_availabilities_msgs/environment/library_path.sh
[2.299s] -- Up-to-date: /home/craig/rosactavl_ws/install/action_availabilities_msgs/share/action_availabilities_msgs/environment/library_path.dsv
[2.299s] -- Up-to-date: /home/craig/rosactavl_ws/install/action_availabilities_msgs/lib/libaction_availabilities_msgs__rosidl_generator_c.so
[2.300s] -- Up-to-date: /home/craig/rosactavl_ws/install/action_availabilities_msgs/include/action_availabilities_msgs
[2.300s] -- Up-to-date: /home/craig/rosactavl_ws/install/action_availabilities_msgs/include/action_availabilities_msgs/msg
[2.300s] -- Up-to-date: /home/craig/rosactavl_ws/install/action_availabilities_msgs/include/action_availabilities_msgs/msg/detail
[2.300s] -- Up-to-date: /home/craig/rosactavl_ws/install/action_availabilities_msgs/include/action_availabilities_msgs/msg/detail/action_availability__rosidl_typesupport_introspection_c.h
[2.301s] -- Up-to-date: /home/craig/rosactavl_ws/install/action_availabilities_msgs/include/action_availabilities_msgs/msg/detail/action_availability__type_support.c
[2.301s] -- Up-to-date: /home/craig/rosactavl_ws/install/action_availabilities_msgs/include/action_availabilities_msgs/msg/detail/availability_condition__type_support.c
[2.301s] -- Up-to-date: /home/craig/rosactavl_ws/install/action_availabilities_msgs/include/action_availabilities_msgs/msg/detail/availability_condition__rosidl_typesupport_introspection_c.h
[2.301s] -- Up-to-date: /home/craig/rosactavl_ws/install/action_availabilities_msgs/include/action_availabilities_msgs/msg/rosidl_typesupport_introspection_c__visibility_control.h
[2.301s] -- Up-to-date: /home/craig/rosactavl_ws/install/action_availabilities_msgs/include/action_availabilities_msgs/action
[2.302s] -- Up-to-date: /home/craig/rosactavl_ws/install/action_availabilities_msgs/include/action_availabilities_msgs/action/detail
[2.302s] -- Up-to-date: /home/craig/rosactavl_ws/install/action_availabilities_msgs/include/action_availabilities_msgs/action/detail/trigger__type_support.c
[2.302s] -- Up-to-date: /home/craig/rosactavl_ws/install/action_availabilities_msgs/include/action_availabilities_msgs/action/detail/trigger__rosidl_typesupport_introspection_c.h
[2.302s] -- Up-to-date: /home/craig/rosactavl_ws/install/action_availabilities_msgs/lib/libaction_availabilities_msgs__rosidl_typesupport_introspection_c.so
[2.303s] -- Up-to-date: /home/craig/rosactavl_ws/install/action_availabilities_msgs/include/action_availabilities_msgs
[2.303s] -- Up-to-date: /home/craig/rosactavl_ws/install/action_availabilities_msgs/include/action_availabilities_msgs/msg
[2.303s] -- Up-to-date: /home/craig/rosactavl_ws/install/action_availabilities_msgs/include/action_availabilities_msgs/msg/detail
[2.304s] -- Up-to-date: /home/craig/rosactavl_ws/install/action_availabilities_msgs/include/action_availabilities_msgs/msg/detail/availability_condition__rosidl_typesupport_fastrtps_c.h
[2.304s] -- Up-to-date: /home/craig/rosactavl_ws/install/action_availabilities_msgs/include/action_availabilities_msgs/msg/detail/action_availability__rosidl_typesupport_fastrtps_c.h
[2.304s] -- Up-to-date: /home/craig/rosactavl_ws/install/action_availabilities_msgs/include/action_availabilities_msgs/msg/rosidl_typesupport_fastrtps_c__visibility_control.h
[2.304s] -- Up-to-date: /home/craig/rosactavl_ws/install/action_availabilities_msgs/include/action_availabilities_msgs/action
[2.304s] -- Up-to-date: /home/craig/rosactavl_ws/install/action_availabilities_msgs/include/action_availabilities_msgs/action/detail
[2.305s] -- Up-to-date: /home/craig/rosactavl_ws/install/action_availabilities_msgs/include/action_availabilities_msgs/action/detail/trigger__rosidl_typesupport_fastrtps_c.h
[2.305s] -- Up-to-date: /home/craig/rosactavl_ws/install/action_availabilities_msgs/lib/libaction_availabilities_msgs__rosidl_typesupport_fastrtps_c.so
[2.305s] -- Up-to-date: /home/craig/rosactavl_ws/install/action_availabilities_msgs/include/action_availabilities_msgs
[2.305s] -- Up-to-date: /home/craig/rosactavl_ws/install/action_availabilities_msgs/include/action_availabilities_msgs/msg
[2.306s] -- Up-to-date: /home/craig/rosactavl_ws/install/action_availabilities_msgs/include/action_availabilities_msgs/msg/detail
[2.306s] -- Up-to-date: /home/craig/rosactavl_ws/install/action_availabilities_msgs/include/action_availabilities_msgs/msg/detail/dds_fastrtps
[2.306s] -- Up-to-date: /home/craig/rosactavl_ws/install/action_availabilities_msgs/include/action_availabilities_msgs/msg/detail/action_availability__rosidl_typesupport_fastrtps_cpp.hpp
[2.306s] -- Up-to-date: /home/craig/rosactavl_ws/install/action_availabilities_msgs/include/action_availabilities_msgs/msg/detail/availability_condition__rosidl_typesupport_fastrtps_cpp.hpp
[2.306s] -- Up-to-date: /home/craig/rosactavl_ws/install/action_availabilities_msgs/include/action_availabilities_msgs/msg/rosidl_typesupport_fastrtps_cpp__visibility_control.h
[2.306s] -- Up-to-date: /home/craig/rosactavl_ws/install/action_availabilities_msgs/include/action_availabilities_msgs/action
[2.307s] -- Up-to-date: /home/craig/rosactavl_ws/install/action_availabilities_msgs/include/action_availabilities_msgs/action/detail
[2.307s] -- Up-to-date: /home/craig/rosactavl_ws/install/action_availabilities_msgs/include/action_availabilities_msgs/action/detail/dds_fastrtps
[2.307s] -- Up-to-date: /home/craig/rosactavl_ws/install/action_availabilities_msgs/include/action_availabilities_msgs/action/detail/trigger__rosidl_typesupport_fastrtps_cpp.hpp
[2.307s] -- Up-to-date: /home/craig/rosactavl_ws/install/action_availabilities_msgs/lib/libaction_availabilities_msgs__rosidl_typesupport_fastrtps_cpp.so
[2.307s] -- Up-to-date: /home/craig/rosactavl_ws/install/action_availabilities_msgs/lib/libaction_availabilities_msgs__rosidl_typesupport_c.so
[2.308s] -- Up-to-date: /home/craig/rosactavl_ws/install/action_availabilities_msgs/include/action_availabilities_msgs
[2.308s] -- Up-to-date: /home/craig/rosactavl_ws/install/action_availabilities_msgs/include/action_availabilities_msgs/msg
[2.308s] -- Up-to-date: /home/craig/rosactavl_ws/install/action_availabilities_msgs/include/action_availabilities_msgs/msg/availability_condition.hpp
[2.308s] -- Up-to-date: /home/craig/rosactavl_ws/install/action_availabilities_msgs/include/action_availabilities_msgs/msg/detail
[2.308s] -- Up-to-date: /home/craig/rosactavl_ws/install/action_availabilities_msgs/include/action_availabilities_msgs/msg/detail/action_availability__builder.hpp
[2.308s] -- Up-to-date: /home/craig/rosactavl_ws/install/action_availabilities_msgs/include/action_availabilities_msgs/msg/detail/availability_condition__traits.hpp
[2.309s] -- Up-to-date: /home/craig/rosactavl_ws/install/action_availabilities_msgs/include/action_availabilities_msgs/msg/detail/action_availability__struct.hpp
[2.309s] -- Up-to-date: /home/craig/rosactavl_ws/install/action_availabilities_msgs/include/action_availabilities_msgs/msg/detail/availability_condition__builder.hpp
[2.309s] -- Up-to-date: /home/craig/rosactavl_ws/install/action_availabilities_msgs/include/action_availabilities_msgs/msg/detail/action_availability__traits.hpp
[2.309s] -- Up-to-date: /home/craig/rosactavl_ws/install/action_availabilities_msgs/include/action_availabilities_msgs/msg/detail/availability_condition__struct.hpp
[2.309s] -- Up-to-date: /home/craig/rosactavl_ws/install/action_availabilities_msgs/include/action_availabilities_msgs/msg/action_availability.hpp
[2.310s] -- Up-to-date: /home/craig/rosactavl_ws/install/action_availabilities_msgs/include/action_availabilities_msgs/action
[2.310s] -- Up-to-date: /home/craig/rosactavl_ws/install/action_availabilities_msgs/include/action_availabilities_msgs/action/detail
[2.310s] -- Up-to-date: /home/craig/rosactavl_ws/install/action_availabilities_msgs/include/action_availabilities_msgs/action/detail/trigger__struct.hpp
[2.310s] -- Up-to-date: /home/craig/rosactavl_ws/install/action_availabilities_msgs/include/action_availabilities_msgs/action/detail/trigger__builder.hpp
[2.310s] -- Up-to-date: /home/craig/rosactavl_ws/install/action_availabilities_msgs/include/action_availabilities_msgs/action/detail/trigger__traits.hpp
[2.311s] -- Up-to-date: /home/craig/rosactavl_ws/install/action_availabilities_msgs/include/action_availabilities_msgs/action/trigger.hpp
[2.311s] -- Up-to-date: /home/craig/rosactavl_ws/install/action_availabilities_msgs/include/action_availabilities_msgs
[2.311s] -- Up-to-date: /home/craig/rosactavl_ws/install/action_availabilities_msgs/include/action_availabilities_msgs/msg
[2.311s] -- Up-to-date: /home/craig/rosactavl_ws/install/action_availabilities_msgs/include/action_availabilities_msgs/msg/detail
[2.311s] -- Up-to-date: /home/craig/rosactavl_ws/install/action_availabilities_msgs/include/action_availabilities_msgs/msg/detail/action_availability__type_support.cpp
[2.312s] -- Up-to-date: /home/craig/rosactavl_ws/install/action_availabilities_msgs/include/action_availabilities_msgs/msg/detail/availability_condition__type_support.cpp
[2.312s] -- Up-to-date: /home/craig/rosactavl_ws/install/action_availabilities_msgs/include/action_availabilities_msgs/msg/detail/action_availability__rosidl_typesupport_introspection_cpp.hpp
[2.312s] -- Up-to-date: /home/craig/rosactavl_ws/install/action_availabilities_msgs/include/action_availabilities_msgs/msg/detail/availability_condition__rosidl_typesupport_introspection_cpp.hpp
[2.312s] -- Up-to-date: /home/craig/rosactavl_ws/install/action_availabilities_msgs/include/action_availabilities_msgs/action
[2.312s] -- Up-to-date: /home/craig/rosactavl_ws/install/action_availabilities_msgs/include/action_availabilities_msgs/action/detail
[2.312s] -- Up-to-date: /home/craig/rosactavl_ws/install/action_availabilities_msgs/include/action_availabilities_msgs/action/detail/trigger__type_support.cpp
[2.313s] -- Up-to-date: /home/craig/rosactavl_ws/install/action_availabilities_msgs/include/action_availabilities_msgs/action/detail/trigger__rosidl_typesupport_introspection_cpp.hpp
[2.313s] -- Up-to-date: /home/craig/rosactavl_ws/install/action_availabilities_msgs/lib/libaction_availabilities_msgs__rosidl_typesupport_introspection_cpp.so
[2.313s] -- Up-to-date: /home/craig/rosactavl_ws/install/action_availabilities_msgs/lib/libaction_availabilities_msgs__rosidl_typesupport_cpp.so
[2.313s] -- Up-to-date: /home/craig/rosactavl_ws/install/action_availabilities_msgs/share/action_availabilities_msgs/environment/pythonpath.sh
[2.313s] -- Up-to-date: /home/craig/rosactavl_ws/install/action_availabilities_msgs/share/action_availabilities_msgs/environment/pythonpath.dsv
[2.313s] -- Up-to-date: /home/craig/rosactavl_ws/install/action_availabilities_msgs/lib/python3.8/site-packages/action_availabilities_msgs/__init__.py
[2.963s] -- Up-to-date: /home/craig/rosactavl_ws/install/action_availabilities_msgs/lib/python3.8/site-packages/action_availabilities_msgs/action
[2.964s] -- Up-to-date: /home/craig/rosactavl_ws/install/action_availabilities_msgs/lib/python3.8/site-packages/action_availabilities_msgs/action/_trigger.py
[2.964s] -- Up-to-date: /home/craig/rosactavl_ws/install/action_availabilities_msgs/lib/python3.8/site-packages/action_availabilities_msgs/action/_trigger_s.c
[2.964s] -- Up-to-date: /home/craig/rosactavl_ws/install/action_availabilities_msgs/lib/python3.8/site-packages/action_availabilities_msgs/action/__init__.py
[2.964s] -- Up-to-date: /home/craig/rosactavl_ws/install/action_availabilities_msgs/lib/python3.8/site-packages/action_availabilities_msgs/msg
[2.965s] -- Up-to-date: /home/craig/rosactavl_ws/install/action_availabilities_msgs/lib/python3.8/site-packages/action_availabilities_msgs/msg/_action_availability_s.c
[2.965s] -- Up-to-date: /home/craig/rosactavl_ws/install/action_availabilities_msgs/lib/python3.8/site-packages/action_availabilities_msgs/msg/_availability_condition.py
[2.965s] -- Up-to-date: /home/craig/rosactavl_ws/install/action_availabilities_msgs/lib/python3.8/site-packages/action_availabilities_msgs/msg/__init__.py
[2.966s] -- Up-to-date: /home/craig/rosactavl_ws/install/action_availabilities_msgs/lib/python3.8/site-packages/action_availabilities_msgs/msg/_action_availability.py
[2.966s] -- Up-to-date: /home/craig/rosactavl_ws/install/action_availabilities_msgs/lib/python3.8/site-packages/action_availabilities_msgs/msg/_availability_condition_s.c
[2.966s] -- Up-to-date: /home/craig/rosactavl_ws/install/action_availabilities_msgs/lib/python3.8/site-packages/action_availabilities_msgs/action_availabilities_msgs_s__rosidl_typesupport_introspection_c.cpython-38-x86_64-linux-gnu.so
[2.967s] -- Up-to-date: /home/craig/rosactavl_ws/install/action_availabilities_msgs/lib/python3.8/site-packages/action_availabilities_msgs/action_availabilities_msgs_s__rosidl_typesupport_fastrtps_c.cpython-38-x86_64-linux-gnu.so
[2.969s] -- Up-to-date: /home/craig/rosactavl_ws/install/action_availabilities_msgs/lib/python3.8/site-packages/action_availabilities_msgs/action_availabilities_msgs_s__rosidl_typesupport_c.cpython-38-x86_64-linux-gnu.so
[2.970s] -- Up-to-date: /home/craig/rosactavl_ws/install/action_availabilities_msgs/lib/libaction_availabilities_msgs__python.so
[2.970s] -- Up-to-date: /home/craig/rosactavl_ws/install/action_availabilities_msgs/share/action_availabilities_msgs/action/Trigger.idl
[2.971s] -- Up-to-date: /home/craig/rosactavl_ws/install/action_availabilities_msgs/share/action_availabilities_msgs/msg/ActionAvailability.idl
[2.971s] -- Up-to-date: /home/craig/rosactavl_ws/install/action_availabilities_msgs/share/action_availabilities_msgs/msg/AvailabilityCondition.idl
[2.971s] -- Up-to-date: /home/craig/rosactavl_ws/install/action_availabilities_msgs/share/action_availabilities_msgs/action/Trigger.action
[2.971s] -- Up-to-date: /home/craig/rosactavl_ws/install/action_availabilities_msgs/share/action_availabilities_msgs/msg/ActionAvailability.msg
[2.972s] -- Up-to-date: /home/craig/rosactavl_ws/install/action_availabilities_msgs/share/action_availabilities_msgs/msg/AvailabilityCondition.msg
[2.972s] -- Up-to-date: /home/craig/rosactavl_ws/install/action_availabilities_msgs/share/ament_index/resource_index/package_run_dependencies/action_availabilities_msgs
[2.972s] -- Up-to-date: /home/craig/rosactavl_ws/install/action_availabilities_msgs/share/ament_index/resource_index/parent_prefix_path/action_availabilities_msgs
[2.972s] -- Up-to-date: /home/craig/rosactavl_ws/install/action_availabilities_msgs/share/action_availabilities_msgs/environment/ament_prefix_path.dsv
[2.972s] -- Up-to-date: /home/craig/rosactavl_ws/install/action_availabilities_msgs/share/action_availabilities_msgs/environment/path.dsv
[2.973s] -- Up-to-date: /home/craig/rosactavl_ws/install/action_availabilities_msgs/share/action_availabilities_msgs/local_setup.bash
[2.973s] -- Up-to-date: /home/craig/rosactavl_ws/install/action_availabilities_msgs/share/action_availabilities_msgs/local_setup.sh
[2.973s] -- Up-to-date: /home/craig/rosactavl_ws/install/action_availabilities_msgs/share/action_availabilities_msgs/local_setup.zsh
[2.973s] -- Up-to-date: /home/craig/rosactavl_ws/install/action_availabilities_msgs/share/action_availabilities_msgs/local_setup.dsv
[2.973s] -- Installing: /home/craig/rosactavl_ws/install/action_availabilities_msgs/share/action_availabilities_msgs/package.dsv
[2.973s] -- Up-to-date: /home/craig/rosactavl_ws/install/action_availabilities_msgs/share/ament_index/resource_index/packages/action_availabilities_msgs
[2.973s] -- Up-to-date: /home/craig/rosactavl_ws/install/action_availabilities_msgs/share/action_availabilities_msgs/cmake/action_availabilities_msgs__rosidl_generator_cExport.cmake
[2.974s] -- Up-to-date: /home/craig/rosactavl_ws/install/action_availabilities_msgs/share/action_availabilities_msgs/cmake/action_availabilities_msgs__rosidl_generator_cExport-noconfig.cmake
[2.974s] -- Up-to-date: /home/craig/rosactavl_ws/install/action_availabilities_msgs/share/action_availabilities_msgs/cmake/action_availabilities_msgs__rosidl_typesupport_introspection_cExport.cmake
[2.974s] -- Up-to-date: /home/craig/rosactavl_ws/install/action_availabilities_msgs/share/action_availabilities_msgs/cmake/action_availabilities_msgs__rosidl_typesupport_introspection_cExport-noconfig.cmake
[2.974s] -- Up-to-date: /home/craig/rosactavl_ws/install/action_availabilities_msgs/share/action_availabilities_msgs/cmake/action_availabilities_msgs__rosidl_typesupport_cExport.cmake
[2.974s] -- Up-to-date: /home/craig/rosactavl_ws/install/action_availabilities_msgs/share/action_availabilities_msgs/cmake/action_availabilities_msgs__rosidl_typesupport_cExport-noconfig.cmake
[2.974s] -- Up-to-date: /home/craig/rosactavl_ws/install/action_availabilities_msgs/share/action_availabilities_msgs/cmake/action_availabilities_msgs__rosidl_generator_cppExport.cmake
[2.975s] -- Up-to-date: /home/craig/rosactavl_ws/install/action_availabilities_msgs/share/action_availabilities_msgs/cmake/action_availabilities_msgs__rosidl_typesupport_introspection_cppExport.cmake
[2.975s] -- Up-to-date: /home/craig/rosactavl_ws/install/action_availabilities_msgs/share/action_availabilities_msgs/cmake/action_availabilities_msgs__rosidl_typesupport_introspection_cppExport-noconfig.cmake
[2.975s] -- Up-to-date: /home/craig/rosactavl_ws/install/action_availabilities_msgs/share/action_availabilities_msgs/cmake/action_availabilities_msgs__rosidl_typesupport_cppExport.cmake
[2.975s] -- Up-to-date: /home/craig/rosactavl_ws/install/action_availabilities_msgs/share/action_availabilities_msgs/cmake/action_availabilities_msgs__rosidl_typesupport_cppExport-noconfig.cmake
[2.975s] -- Up-to-date: /home/craig/rosactavl_ws/install/action_availabilities_msgs/share/action_availabilities_msgs/cmake/rosidl_cmake-extras.cmake
[2.975s] -- Up-to-date: /home/craig/rosactavl_ws/install/action_availabilities_msgs/share/action_availabilities_msgs/cmake/ament_cmake_export_dependencies-extras.cmake
[2.976s] -- Up-to-date: /home/craig/rosactavl_ws/install/action_availabilities_msgs/share/action_availabilities_msgs/cmake/ament_cmake_export_libraries-extras.cmake
[2.976s] -- Up-to-date: /home/craig/rosactavl_ws/install/action_availabilities_msgs/share/action_availabilities_msgs/cmake/ament_cmake_export_targets-extras.cmake
[2.976s] -- Up-to-date: /home/craig/rosactavl_ws/install/action_availabilities_msgs/share/action_availabilities_msgs/cmake/ament_cmake_export_include_directories-extras.cmake
[2.976s] -- Up-to-date: /home/craig/rosactavl_ws/install/action_availabilities_msgs/share/action_availabilities_msgs/cmake/rosidl_cmake_export_typesupport_targets-extras.cmake
[2.976s] -- Up-to-date: /home/craig/rosactavl_ws/install/action_availabilities_msgs/share/action_availabilities_msgs/cmake/rosidl_cmake_export_typesupport_libraries-extras.cmake
[2.977s] -- Up-to-date: /home/craig/rosactavl_ws/install/action_availabilities_msgs/share/action_availabilities_msgs/cmake/action_availabilities_msgsConfig.cmake
[2.977s] -- Up-to-date: /home/craig/rosactavl_ws/install/action_availabilities_msgs/share/action_availabilities_msgs/cmake/action_availabilities_msgsConfig-version.cmake
[2.977s] -- Up-to-date: /home/craig/rosactavl_ws/install/action_availabilities_msgs/share/action_availabilities_msgs/package.xml
