[1.146s] Invoking command in '/home/craig/rosactavl_ws/src/action_availabilities': PYTHONPATH=/home/craig/rosactavl_ws/install/action_availabilities/lib/python3.8/site-packages:${PYTHONPATH} /usr/bin/python3 setup.py egg_info --egg-base /home/craig/rosactavl_ws/build/action_availabilities build --build-base /home/craig/rosactavl_ws/build/action_availabilities/build install --prefix /home/craig/rosactavl_ws/install/action_availabilities --record /home/craig/rosactavl_ws/build/action_availabilities/install.log --single-version-externally-managed
[2.361s] running egg_info
[2.362s] creating /home/craig/rosactavl_ws/build/action_availabilities/action_availabilities.egg-info
[2.362s] writing /home/craig/rosactavl_ws/build/action_availabilities/action_availabilities.egg-info/PKG-INFO
[2.363s] writing dependency_links to /home/craig/rosactavl_ws/build/action_availabilities/action_availabilities.egg-info/dependency_links.txt
[2.363s] writing entry points to /home/craig/rosactavl_ws/build/action_availabilities/action_availabilities.egg-info/entry_points.txt
[2.363s] writing requirements to /home/craig/rosactavl_ws/build/action_availabilities/action_availabilities.egg-info/requires.txt
[2.364s] writing top-level names to /home/craig/rosactavl_ws/build/action_availabilities/action_availabilities.egg-info/top_level.txt
[2.368s] writing manifest file '/home/craig/rosactavl_ws/build/action_availabilities/action_availabilities.egg-info/SOURCES.txt'
[2.425s] reading manifest file '/home/craig/rosactavl_ws/build/action_availabilities/action_availabilities.egg-info/SOURCES.txt'
[2.426s] writing manifest file '/home/craig/rosactavl_ws/build/action_availabilities/action_availabilities.egg-info/SOURCES.txt'
[2.426s] running build
[2.427s] running build_py
[2.427s] creating /home/craig/rosactavl_ws/build/action_availabilities/build
[2.427s] creating /home/craig/rosactavl_ws/build/action_availabilities/build/lib
[2.427s] creating /home/craig/rosactavl_ws/build/action_availabilities/build/lib/action_availabilities
[2.427s] copying action_availabilities/__init__.py -> /home/craig/rosactavl_ws/build/action_availabilities/build/lib/action_availabilities
[2.428s] copying action_availabilities/hello_action_node.py -> /home/craig/rosactavl_ws/build/action_availabilities/build/lib/action_availabilities
[2.428s] copying action_availabilities/cli_tool.py -> /home/craig/rosactavl_ws/build/action_availabilities/build/lib/action_availabilities
[2.428s] running install
[2.431s] running install_lib
[2.432s] creating /home/craig/rosactavl_ws/install/action_availabilities/lib/python3.8/site-packages/action_availabilities
[2.433s] copying /home/craig/rosactavl_ws/build/action_availabilities/build/lib/action_availabilities/__init__.py -> /home/craig/rosactavl_ws/install/action_availabilities/lib/python3.8/site-packages/action_availabilities
[2.433s] copying /home/craig/rosactavl_ws/build/action_availabilities/build/lib/action_availabilities/hello_action_node.py -> /home/craig/rosactavl_ws/install/action_availabilities/lib/python3.8/site-packages/action_availabilities
[2.433s] copying /home/craig/rosactavl_ws/build/action_availabilities/build/lib/action_availabilities/cli_tool.py -> /home/craig/rosactavl_ws/install/action_availabilities/lib/python3.8/site-packages/action_availabilities
[2.436s] byte-compiling /home/craig/rosactavl_ws/install/action_availabilities/lib/python3.8/site-packages/action_availabilities/__init__.py to __init__.cpython-38.pyc
[2.438s] byte-compiling /home/craig/rosactavl_ws/install/action_availabilities/lib/python3.8/site-packages/action_availabilities/hello_action_node.py to hello_action_node.cpython-38.pyc
[2.438s] byte-compiling /home/craig/rosactavl_ws/install/action_availabilities/lib/python3.8/site-packages/action_availabilities/cli_tool.py to cli_tool.cpython-38.pyc
[2.439s] running install_data
[2.439s] creating /home/craig/rosactavl_ws/install/action_availabilities/share/ament_index
[2.440s] creating /home/craig/rosactavl_ws/install/action_availabilities/share/ament_index/resource_index
[2.440s] creating /home/craig/rosactavl_ws/install/action_availabilities/share/ament_index/resource_index/packages
[2.440s] copying resource/action_availabilities -> /home/craig/rosactavl_ws/install/action_availabilities/share/ament_index/resource_index/packages
[2.440s] copying package.xml -> /home/craig/rosactavl_ws/install/action_availabilities/share/action_availabilities
[2.441s] running install_egg_info
[2.445s] Copying /home/craig/rosactavl_ws/build/action_availabilities/action_availabilities.egg-info to /home/craig/rosactavl_ws/install/action_availabilities/lib/python3.8/site-packages/action_availabilities-0.0.0-py3.8.egg-info
[2.446s] running install_scripts
[2.485s] Installing cli_tool script to /home/craig/rosactavl_ws/install/action_availabilities/lib/action_availabilities
[2.485s] Installing hello_action_node script to /home/craig/rosactavl_ws/install/action_availabilities/lib/action_availabilities
[2.485s] writing list of installed files to '/home/craig/rosactavl_ws/build/action_availabilities/install.log'
[2.516s] Invoked command in '/home/craig/rosactavl_ws/src/action_availabilities' returned '0': PYTHONPATH=/home/craig/rosactavl_ws/install/action_availabilities/lib/python3.8/site-packages:${PYTHONPATH} /usr/bin/python3 setup.py egg_info --egg-base /home/craig/rosactavl_ws/build/action_availabilities build --build-base /home/craig/rosactavl_ws/build/action_availabilities/build install --prefix /home/craig/rosactavl_ws/install/action_availabilities --record /home/craig/rosactavl_ws/build/action_availabilities/install.log --single-version-externally-managed
