[1.252s] [ 10%] Built target action_availabilities_msgs__rosidl_generator_c
[1.285s] [ 12%] Built target action_availabilities_msgs__cpp
[1.352s] [ 23%] Built target action_availabilities_msgs__rosidl_typesupport_introspection_c
[1.378s] [ 34%] Built target action_availabilities_msgs__rosidl_typesupport_c
[1.413s] [ 44%] Built target action_availabilities_msgs__rosidl_typesupport_cpp
[1.414s] [ 55%] Built target action_availabilities_msgs__rosidl_typesupport_introspection_cpp
[1.459s] [ 65%] Built target action_availabilities_msgs__rosidl_typesupport_fastrtps_cpp
[1.532s] [ 76%] Built target action_availabilities_msgs__rosidl_typesupport_fastrtps_c
[1.595s] [ 76%] Built target action_availabilities_msgs
[1.660s] [ 78%] Built target action_availabilities_msgs__py
[1.746s] [ 87%] Built target action_availabilities_msgs__python
[1.863s] [ 91%] Built target action_availabilities_msgs__rosidl_typesupport_c__pyext
[1.872s] [ 95%] Built target action_availabilities_msgs__rosidl_typesupport_introspection_c__pyext
[1.873s] [100%] Built target action_availabilities_msgs__rosidl_typesupport_fastrtps_c__pyext
[2.364s] -- Install configuration: ""
[2.364s] -- Up-to-date: /home/craig/rosactavl_ws/install/action_availabilities_msgs/share/ament_index/resource_index/rosidl_interfaces/action_availabilities_msgs
[2.365s] -- Up-to-date: /home/craig/rosactavl_ws/install/action_availabilities_msgs/include/action_availabilities_msgs
[2.365s] -- Up-to-date: /home/craig/rosactavl_ws/install/action_availabilities_msgs/include/action_availabilities_msgs/msg
[2.365s] -- Up-to-date: /home/craig/rosactavl_ws/install/action_availabilities_msgs/include/action_availabilities_msgs/msg/rosidl_generator_c__visibility_control.h
[2.366s] -- Up-to-date: /home/craig/rosactavl_ws/install/action_availabilities_msgs/include/action_availabilities_msgs/msg/detail
[2.366s] -- Up-to-date: /home/craig/rosactavl_ws/install/action_availabilities_msgs/include/action_availabilities_msgs/msg/detail/availability_condition__functions.h
[2.366s] -- Up-to-date: /home/craig/rosactavl_ws/install/action_availabilities_msgs/include/action_availabilities_msgs/msg/detail/availability_condition__type_support.h
[2.366s] -- Up-to-date: /home/craig/rosactavl_ws/install/action_availabilities_msgs/include/action_availabilities_msgs/msg/detail/availability_condition__functions.c
[2.367s] -- Up-to-date: /home/craig/rosactavl_ws/install/action_availabilities_msgs/include/action_availabilities_msgs/msg/detail/availability_condition__struct.h
[2.367s] -- Up-to-date: /home/craig/rosactavl_ws/install/action_availabilities_msgs/include/action_availabilities_msgs/msg/detail/action_availability__functions.h
[2.367s] -- Up-to-date: /home/craig/rosactavl_ws/install/action_availabilities_msgs/include/action_availabilities_msgs/msg/detail/action_availability__functions.c
[2.367s] -- Up-to-date: /home/craig/rosactavl_ws/install/action_availabilities_msgs/include/action_availabilities_msgs/msg/detail/action_availability__type_support.h
[2.368s] -- Up-to-date: /home/craig/rosactavl_ws/install/action_availabilities_msgs/include/action_availabilities_msgs/msg/detail/action_availability__struct.h
[2.368s] -- Up-to-date: /home/craig/rosactavl_ws/install/action_availabilities_msgs/include/action_availabilities_msgs/msg/availability_condition.h
[2.368s] -- Up-to-date: /home/craig/rosactavl_ws/install/action_availabilities_msgs/include/action_availabilities_msgs/msg/action_availability.h
[2.368s] -- Up-to-date: /home/craig/rosactavl_ws/install/action_availabilities_msgs/include/action_availabilities_msgs/action
[2.369s] -- Up-to-date: /home/craig/rosactavl_ws/install/action_availabilities_msgs/include/action_availabilities_msgs/action/detail
[2.369s] -- Up-to-date: /home/craig/rosactavl_ws/install/action_availabilities_msgs/include/action_availabilities_msgs/action/detail/trigger__functions.c
[2.369s] -- Up-to-date: /home/craig/rosactavl_ws/install/action_availabilities_msgs/include/action_availabilities_msgs/action/detail/trigger__struct.h
[2.369s] -- Up-to-date: /home/craig/rosactavl_ws/install/action_availabilities_msgs/include/action_availabilities_msgs/action/detail/trigger__type_support.h
[2.369s] -- Up-to-date: /home/craig/rosactavl_ws/install/action_availabilities_msgs/include/action_availabilities_msgs/action/detail/trigger__functions.h
[2.370s] -- Up-to-date: /home/craig/rosactavl_ws/install/action_availabilities_msgs/include/action_availabilities_msgs/action/trigger.h
[2.370s] -- Up-to-date: /home/craig/rosactavl_ws/install/action_availabilities_msgs/share/action_availabilities_msgs/environment/library_path.sh
[2.370s] -- Up-to-date: /home/craig/rosactavl_ws/install/action_availabilities_msgs/share/action_availabilities_msgs/environment/library_path.dsv
[2.371s] -- Up-to-date: /home/craig/rosactavl_ws/install/action_availabilities_msgs/lib/libaction_availabilities_msgs__rosidl_generator_c.so
[2.371s] -- Up-to-date: /home/craig/rosactavl_ws/install/action_availabilities_msgs/include/action_availabilities_msgs
[2.371s] -- Up-to-date: /home/craig/rosactavl_ws/install/action_availabilities_msgs/include/action_availabilities_msgs/msg
[2.371s] -- Up-to-date: /home/craig/rosactavl_ws/install/action_availabilities_msgs/include/action_availabilities_msgs/msg/detail
[2.371s] -- Up-to-date: /home/craig/rosactavl_ws/install/action_availabilities_msgs/include/action_availabilities_msgs/msg/detail/action_availability__rosidl_typesupport_introspection_c.h
[2.372s] -- Up-to-date: /home/craig/rosactavl_ws/install/action_availabilities_msgs/include/action_availabilities_msgs/msg/detail/action_availability__type_support.c
[2.372s] -- Up-to-date: /home/craig/rosactavl_ws/install/action_availabilities_msgs/include/action_availabilities_msgs/msg/detail/availability_condition__type_support.c
[2.372s] -- Up-to-date: /home/craig/rosactavl_ws/install/action_availabilities_msgs/include/action_availabilities_msgs/msg/detail/availability_condition__rosidl_typesupport_introspection_c.h
[2.373s] -- Up-to-date: /home/craig/rosactavl_ws/install/action_availabilities_msgs/include/action_availabilities_msgs/msg/rosidl_typesupport_introspection_c__visibility_control.h
[2.373s] -- Up-to-date: /home/craig/rosactavl_ws/install/action_availabilities_msgs/include/action_availabilities_msgs/action
[2.373s] -- Up-to-date: /home/craig/rosactavl_ws/install/action_availabilities_msgs/include/action_availabilities_msgs/action/detail
[2.373s] -- Up-to-date: /home/craig/rosactavl_ws/install/action_availabilities_msgs/include/action_availabilities_msgs/action/detail/trigger__type_support.c
[2.373s] -- Up-to-date: /home/craig/rosactavl_ws/install/action_availabilities_msgs/include/action_availabilities_msgs/action/detail/trigger__rosidl_typesupport_introspection_c.h
[2.374s] -- Up-to-date: /home/craig/rosactavl_ws/install/action_availabilities_msgs/lib/libaction_availabilities_msgs__rosidl_typesupport_introspection_c.so
[2.374s] -- Up-to-date: /home/craig/rosactavl_ws/install/action_availabilities_msgs/include/action_availabilities_msgs
[2.374s] -- Up-to-date: /home/craig/rosactavl_ws/install/action_availabilities_msgs/include/action_availabilities_msgs/msg
[2.374s] -- Up-to-date: /home/craig/rosactavl_ws/install/action_availabilities_msgs/include/action_availabilities_msgs/msg/detail
[2.374s] -- Up-to-date: /home/craig/rosactavl_ws/install/action_availabilities_msgs/include/action_availabilities_msgs/msg/detail/availability_condition__rosidl_typesupport_fastrtps_c.h
[2.375s] -- Up-to-date: /home/craig/rosactavl_ws/install/action_availabilities_msgs/include/action_availabilities_msgs/msg/detail/action_availability__rosidl_typesupport_fastrtps_c.h
[2.375s] -- Up-to-date: /home/craig/rosactavl_ws/install/action_availabilities_msgs/include/action_availabilities_msgs/msg/rosidl_typesupport_fastrtps_c__visibility_control.h
[2.375s] -- Up-to-date: /home/craig/rosactavl_ws/install/action_availabilities_msgs/include/action_availabilities_msgs/action
[2.375s] -- Up-to-date: /home/craig/rosactavl_ws/install/action_availabilities_msgs/include/action_availabilities_msgs/action/detail
[2.375s] -- Up-to-date: /home/craig/rosactavl_ws/install/action_availabilities_msgs/include/action_availabilities_msgs/action/detail/trigger__rosidl_typesupport_fastrtps_c.h
[2.376s] -- Up-to-date: /home/craig/rosactavl_ws/install/action_availabilities_msgs/lib/libaction_availabilities_msgs__rosidl_typesupport_fastrtps_c.so
[2.376s] -- Up-to-date: /home/craig/rosactavl_ws/install/action_availabilities_msgs/include/action_availabilities_msgs
[2.376s] -- Up-to-date: /home/craig/rosactavl_ws/install/action_availabilities_msgs/include/action_availabilities_msgs/msg
[2.376s] -- Up-to-date: /home/craig/rosactavl_ws/install/action_availabilities_msgs/include/action_availabilities_msgs/msg/detail
[2.376s] -- Up-to-date: /home/craig/rosactavl_ws/install/action_availabilities_msgs/include/action_availabilities_msgs/msg/detail/dds_fastrtps
[2.376s] -- Up-to-date: /home/craig/rosactavl_ws/install/action_availabilities_msgs/include/action_availabilities_msgs/msg/detail/action_availability__rosidl_typesupport_fastrtps_cpp.hpp
[2.377s] -- Up-to-date: /home/craig/rosactavl_ws/install/action_availabilities_msgs/include/action_availabilities_msgs/msg/detail/availability_condition__rosidl_typesupport_fastrtps_cpp.hpp
[2.377s] -- Up-to-date: /home/craig/rosactavl_ws/install/action_availabilities_msgs/include/action_availabilities_msgs/msg/rosidl_typesupport_fastrtps_cpp__visibility_control.h
[2.377s] -- Up-to-date: /home/craig/rosactavl_ws/install/action_availabilities_msgs/include/action_availabilities_msgs/action
[2.377s] -- Up-to-date: /home/craig/rosactavl_ws/install/action_availabilities_msgs/include/action_availabilities_msgs/action/detail
[2.378s] -- Up-to-date: /home/craig/rosactavl_ws/install/action_availabilities_msgs/include/action_availabilities_msgs/action/detail/dds_fastrtps
[2.378s] -- Up-to-date: /home/craig/rosactavl_ws/install/action_availabilities_msgs/include/action_availabilities_msgs/action/detail/trigger__rosidl_typesupport_fastrtps_cpp.hpp
[2.378s] -- Up-to-date: /home/craig/rosactavl_ws/install/action_availabilities_msgs/lib/libaction_availabilities_msgs__rosidl_typesupport_fastrtps_cpp.so
[2.378s] -- Up-to-date: /home/craig/rosactavl_ws/install/action_availabilities_msgs/lib/libaction_availabilities_msgs__rosidl_typesupport_c.so
[2.378s] -- Up-to-date: /home/craig/rosactavl_ws/install/action_availabilities_msgs/include/action_availabilities_msgs
[2.378s] -- Up-to-date: /home/craig/rosactavl_ws/install/action_availabilities_msgs/include/action_availabilities_msgs/msg
[2.378s] -- Up-to-date: /home/craig/rosactavl_ws/install/action_availabilities_msgs/include/action_availabilities_msgs/msg/availability_condition.hpp
[2.378s] -- Up-to-date: /home/craig/rosactavl_ws/install/action_availabilities_msgs/include/action_availabilities_msgs/msg/detail
[2.378s] -- Up-to-date: /home/craig/rosactavl_ws/install/action_availabilities_msgs/include/action_availabilities_msgs/msg/detail/action_availability__builder.hpp
[2.379s] -- Up-to-date: /home/craig/rosactavl_ws/install/action_availabilities_msgs/include/action_availabilities_msgs/msg/detail/availability_condition__traits.hpp
[2.379s] -- Up-to-date: /home/craig/rosactavl_ws/install/action_availabilities_msgs/include/action_availabilities_msgs/msg/detail/action_availability__struct.hpp
[2.379s] -- Up-to-date: /home/craig/rosactavl_ws/install/action_availabilities_msgs/include/action_availabilities_msgs/msg/detail/availability_condition__builder.hpp
[2.379s] -- Up-to-date: /home/craig/rosactavl_ws/install/action_availabilities_msgs/include/action_availabilities_msgs/msg/detail/action_availability__traits.hpp
[2.379s] -- Up-to-date: /home/craig/rosactavl_ws/install/action_availabilities_msgs/include/action_availabilities_msgs/msg/detail/availability_condition__struct.hpp
[2.379s] -- Up-to-date: /home/craig/rosactavl_ws/install/action_availabilities_msgs/include/action_availabilities_msgs/msg/action_availability.hpp
[2.379s] -- Up-to-date: /home/craig/rosactavl_ws/install/action_availabilities_msgs/include/action_availabilities_msgs/action
[2.379s] -- Up-to-date: /home/craig/rosactavl_ws/install/action_availabilities_msgs/include/action_availabilities_msgs/action/detail
[2.379s] -- Up-to-date: /home/craig/rosactavl_ws/install/action_availabilities_msgs/include/action_availabilities_msgs/action/detail/trigger__struct.hpp
[2.379s] -- Up-to-date: /home/craig/rosactavl_ws/install/action_availabilities_msgs/include/action_availabilities_msgs/action/detail/trigger__builder.hpp
[2.380s] -- Up-to-date: /home/craig/rosactavl_ws/install/action_availabilities_msgs/include/action_availabilities_msgs/action/detail/trigger__traits.hpp
[2.380s] -- Up-to-date: /home/craig/rosactavl_ws/install/action_availabilities_msgs/include/action_availabilities_msgs/action/trigger.hpp
[2.380s] -- Up-to-date: /home/craig/rosactavl_ws/install/action_availabilities_msgs/include/action_availabilities_msgs
[2.380s] -- Up-to-date: /home/craig/rosactavl_ws/install/action_availabilities_msgs/include/action_availabilities_msgs/msg
[2.380s] -- Up-to-date: /home/craig/rosactavl_ws/install/action_availabilities_msgs/include/action_availabilities_msgs/msg/detail
[2.380s] -- Up-to-date: /home/craig/rosactavl_ws/install/action_availabilities_msgs/include/action_availabilities_msgs/msg/detail/action_availability__type_support.cpp
[2.380s] -- Up-to-date: /home/craig/rosactavl_ws/install/action_availabilities_msgs/include/action_availabilities_msgs/msg/detail/availability_condition__type_support.cpp
[2.380s] -- Up-to-date: /home/craig/rosactavl_ws/install/action_availabilities_msgs/include/action_availabilities_msgs/msg/detail/action_availability__rosidl_typesupport_introspection_cpp.hpp
[2.380s] -- Up-to-date: /home/craig/rosactavl_ws/install/action_availabilities_msgs/include/action_availabilities_msgs/msg/detail/availability_condition__rosidl_typesupport_introspection_cpp.hpp
[2.381s] -- Up-to-date: /home/craig/rosactavl_ws/install/action_availabilities_msgs/include/action_availabilities_msgs/action
[2.381s] -- Up-to-date: /home/craig/rosactavl_ws/install/action_availabilities_msgs/include/action_availabilities_msgs/action/detail
[2.381s] -- Up-to-date: /home/craig/rosactavl_ws/install/action_availabilities_msgs/include/action_availabilities_msgs/action/detail/trigger__type_support.cpp
[2.381s] -- Up-to-date: /home/craig/rosactavl_ws/install/action_availabilities_msgs/include/action_availabilities_msgs/action/detail/trigger__rosidl_typesupport_introspection_cpp.hpp
[2.381s] -- Up-to-date: /home/craig/rosactavl_ws/install/action_availabilities_msgs/lib/libaction_availabilities_msgs__rosidl_typesupport_introspection_cpp.so
[2.381s] -- Up-to-date: /home/craig/rosactavl_ws/install/action_availabilities_msgs/lib/libaction_availabilities_msgs__rosidl_typesupport_cpp.so
[2.381s] -- Up-to-date: /home/craig/rosactavl_ws/install/action_availabilities_msgs/share/action_availabilities_msgs/environment/pythonpath.sh
[2.381s] -- Up-to-date: /home/craig/rosactavl_ws/install/action_availabilities_msgs/share/action_availabilities_msgs/environment/pythonpath.dsv
[2.381s] -- Up-to-date: /home/craig/rosactavl_ws/install/action_availabilities_msgs/lib/python3.8/site-packages/action_availabilities_msgs/__init__.py
[3.144s] -- Up-to-date: /home/craig/rosactavl_ws/install/action_availabilities_msgs/lib/python3.8/site-packages/action_availabilities_msgs/action
[3.144s] -- Up-to-date: /home/craig/rosactavl_ws/install/action_availabilities_msgs/lib/python3.8/site-packages/action_availabilities_msgs/action/_trigger.py
[3.144s] -- Up-to-date: /home/craig/rosactavl_ws/install/action_availabilities_msgs/lib/python3.8/site-packages/action_availabilities_msgs/action/_trigger_s.c
[3.144s] -- Up-to-date: /home/craig/rosactavl_ws/install/action_availabilities_msgs/lib/python3.8/site-packages/action_availabilities_msgs/action/__init__.py
[3.145s] -- Up-to-date: /home/craig/rosactavl_ws/install/action_availabilities_msgs/lib/python3.8/site-packages/action_availabilities_msgs/msg
[3.145s] -- Up-to-date: /home/craig/rosactavl_ws/install/action_availabilities_msgs/lib/python3.8/site-packages/action_availabilities_msgs/msg/_action_availability_s.c
[3.145s] -- Up-to-date: /home/craig/rosactavl_ws/install/action_availabilities_msgs/lib/python3.8/site-packages/action_availabilities_msgs/msg/_availability_condition.py
[3.145s] -- Up-to-date: /home/craig/rosactavl_ws/install/action_availabilities_msgs/lib/python3.8/site-packages/action_availabilities_msgs/msg/__init__.py
[3.145s] -- Up-to-date: /home/craig/rosactavl_ws/install/action_availabilities_msgs/lib/python3.8/site-packages/action_availabilities_msgs/msg/_action_availability.py
[3.146s] -- Up-to-date: /home/craig/rosactavl_ws/install/action_availabilities_msgs/lib/python3.8/site-packages/action_availabilities_msgs/msg/_availability_condition_s.c
[3.146s] -- Up-to-date: /home/craig/rosactavl_ws/install/action_availabilities_msgs/lib/python3.8/site-packages/action_availabilities_msgs/action_availabilities_msgs_s__rosidl_typesupport_introspection_c.cpython-38-x86_64-linux-gnu.so
[3.147s] -- Up-to-date: /home/craig/rosactavl_ws/install/action_availabilities_msgs/lib/python3.8/site-packages/action_availabilities_msgs/action_availabilities_msgs_s__rosidl_typesupport_fastrtps_c.cpython-38-x86_64-linux-gnu.so
[3.148s] -- Up-to-date: /home/craig/rosactavl_ws/install/action_availabilities_msgs/lib/python3.8/site-packages/action_availabilities_msgs/action_availabilities_msgs_s__rosidl_typesupport_c.cpython-38-x86_64-linux-gnu.so
[3.150s] -- Up-to-date: /home/craig/rosactavl_ws/install/action_availabilities_msgs/lib/libaction_availabilities_msgs__python.so
[3.150s] -- Up-to-date: /home/craig/rosactavl_ws/install/action_availabilities_msgs/share/action_availabilities_msgs/action/Trigger.idl
[3.151s] -- Up-to-date: /home/craig/rosactavl_ws/install/action_availabilities_msgs/share/action_availabilities_msgs/msg/ActionAvailability.idl
[3.151s] -- Up-to-date: /home/craig/rosactavl_ws/install/action_availabilities_msgs/share/action_availabilities_msgs/msg/AvailabilityCondition.idl
[3.151s] -- Up-to-date: /home/craig/rosactavl_ws/install/action_availabilities_msgs/share/action_availabilities_msgs/action/Trigger.action
[3.152s] -- Up-to-date: /home/craig/rosactavl_ws/install/action_availabilities_msgs/share/action_availabilities_msgs/msg/ActionAvailability.msg
[3.152s] -- Up-to-date: /home/craig/rosactavl_ws/install/action_availabilities_msgs/share/action_availabilities_msgs/msg/AvailabilityCondition.msg
[3.152s] -- Up-to-date: /home/craig/rosactavl_ws/install/action_availabilities_msgs/share/ament_index/resource_index/package_run_dependencies/action_availabilities_msgs
[3.152s] -- Up-to-date: /home/craig/rosactavl_ws/install/action_availabilities_msgs/share/ament_index/resource_index/parent_prefix_path/action_availabilities_msgs
[3.153s] -- Up-to-date: /home/craig/rosactavl_ws/install/action_availabilities_msgs/share/action_availabilities_msgs/environment/ament_prefix_path.dsv
[3.153s] -- Up-to-date: /home/craig/rosactavl_ws/install/action_availabilities_msgs/share/action_availabilities_msgs/environment/path.dsv
[3.153s] -- Up-to-date: /home/craig/rosactavl_ws/install/action_availabilities_msgs/share/action_availabilities_msgs/local_setup.bash
[3.153s] -- Up-to-date: /home/craig/rosactavl_ws/install/action_availabilities_msgs/share/action_availabilities_msgs/local_setup.sh
[3.153s] -- Up-to-date: /home/craig/rosactavl_ws/install/action_availabilities_msgs/share/action_availabilities_msgs/local_setup.zsh
[3.153s] -- Up-to-date: /home/craig/rosactavl_ws/install/action_availabilities_msgs/share/action_availabilities_msgs/local_setup.dsv
[3.153s] -- Installing: /home/craig/rosactavl_ws/install/action_availabilities_msgs/share/action_availabilities_msgs/package.dsv
[3.154s] -- Up-to-date: /home/craig/rosactavl_ws/install/action_availabilities_msgs/share/ament_index/resource_index/packages/action_availabilities_msgs
[3.154s] -- Up-to-date: /home/craig/rosactavl_ws/install/action_availabilities_msgs/share/action_availabilities_msgs/cmake/action_availabilities_msgs__rosidl_generator_cExport.cmake
[3.154s] -- Up-to-date: /home/craig/rosactavl_ws/install/action_availabilities_msgs/share/action_availabilities_msgs/cmake/action_availabilities_msgs__rosidl_generator_cExport-noconfig.cmake
[3.154s] -- Up-to-date: /home/craig/rosactavl_ws/install/action_availabilities_msgs/share/action_availabilities_msgs/cmake/action_availabilities_msgs__rosidl_typesupport_introspection_cExport.cmake
[3.154s] -- Up-to-date: /home/craig/rosactavl_ws/install/action_availabilities_msgs/share/action_availabilities_msgs/cmake/action_availabilities_msgs__rosidl_typesupport_introspection_cExport-noconfig.cmake
[3.154s] -- Up-to-date: /home/craig/rosactavl_ws/install/action_availabilities_msgs/share/action_availabilities_msgs/cmake/action_availabilities_msgs__rosidl_typesupport_cExport.cmake
[3.154s] -- Up-to-date: /home/craig/rosactavl_ws/install/action_availabilities_msgs/share/action_availabilities_msgs/cmake/action_availabilities_msgs__rosidl_typesupport_cExport-noconfig.cmake
[3.154s] -- Up-to-date: /home/craig/rosactavl_ws/install/action_availabilities_msgs/share/action_availabilities_msgs/cmake/action_availabilities_msgs__rosidl_generator_cppExport.cmake
[3.155s] -- Up-to-date: /home/craig/rosactavl_ws/install/action_availabilities_msgs/share/action_availabilities_msgs/cmake/action_availabilities_msgs__rosidl_typesupport_introspection_cppExport.cmake
[3.155s] -- Up-to-date: /home/craig/rosactavl_ws/install/action_availabilities_msgs/share/action_availabilities_msgs/cmake/action_availabilities_msgs__rosidl_typesupport_introspection_cppExport-noconfig.cmake
[3.155s] -- Up-to-date: /home/craig/rosactavl_ws/install/action_availabilities_msgs/share/action_availabilities_msgs/cmake/action_availabilities_msgs__rosidl_typesupport_cppExport.cmake
[3.155s] -- Up-to-date: /home/craig/rosactavl_ws/install/action_availabilities_msgs/share/action_availabilities_msgs/cmake/action_availabilities_msgs__rosidl_typesupport_cppExport-noconfig.cmake
[3.155s] -- Up-to-date: /home/craig/rosactavl_ws/install/action_availabilities_msgs/share/action_availabilities_msgs/cmake/rosidl_cmake-extras.cmake
[3.156s] -- Up-to-date: /home/craig/rosactavl_ws/install/action_availabilities_msgs/share/action_availabilities_msgs/cmake/ament_cmake_export_dependencies-extras.cmake
[3.156s] -- Up-to-date: /home/craig/rosactavl_ws/install/action_availabilities_msgs/share/action_availabilities_msgs/cmake/ament_cmake_export_libraries-extras.cmake
[3.156s] -- Up-to-date: /home/craig/rosactavl_ws/install/action_availabilities_msgs/share/action_availabilities_msgs/cmake/ament_cmake_export_targets-extras.cmake
[3.156s] -- Up-to-date: /home/craig/rosactavl_ws/install/action_availabilities_msgs/share/action_availabilities_msgs/cmake/ament_cmake_export_include_directories-extras.cmake
[3.156s] -- Up-to-date: /home/craig/rosactavl_ws/install/action_availabilities_msgs/share/action_availabilities_msgs/cmake/rosidl_cmake_export_typesupport_targets-extras.cmake
[3.156s] -- Up-to-date: /home/craig/rosactavl_ws/install/action_availabilities_msgs/share/action_availabilities_msgs/cmake/rosidl_cmake_export_typesupport_libraries-extras.cmake
[3.156s] -- Up-to-date: /home/craig/rosactavl_ws/install/action_availabilities_msgs/share/action_availabilities_msgs/cmake/action_availabilities_msgsConfig.cmake
[3.157s] -- Up-to-date: /home/craig/rosactavl_ws/install/action_availabilities_msgs/share/action_availabilities_msgs/cmake/action_availabilities_msgsConfig-version.cmake
[3.157s] -- Up-to-date: /home/craig/rosactavl_ws/install/action_availabilities_msgs/share/action_availabilities_msgs/package.xml
